{"meta": {"format": 3, "version": "7.13.4", "timestamp": "2026-02-15T17:44:51.989826", "branch_coverage": true, "show_contexts": false}, "files": {"src/counter_risk/__init__.py": {"executed_lines": [3], "summary": {"covered_lines": 1, "num_statements": 1, "percent_covered": 100.0, "percent_covered_display": "100", "missing_lines": 0, "excluded_lines": 0, "percent_statements_covered": 100.0, "percent_statements_covered_display": "100", "num_branches": 0, "num_partial_branches": 0, "covered_branches": 0, "missing_branches": 0, "percent_branches_covered": 100.0, "percent_branches_covered_display": "100"}, "missing_lines": [], "excluded_lines": [], "executed_branches": [], "missing_branches": [], "functions": {"": {"executed_lines": [3], "summary": {"covered_lines": 1, "num_statements": 1, "percent_covered": 100.0, "percent_covered_display": "100", "missing_lines": 0, "excluded_lines": 0, "percent_statements_covered": 100.0, "percent_statements_covered_display": "100", "num_branches": 0, "num_partial_branches": 0, "covered_branches": 0, "missing_branches": 0, "percent_branches_covered": 100.0, "percent_branches_covered_display": "100"}, "missing_lines": [], "excluded_lines": [], "start_line": 1, "executed_branches": [], "missing_branches": []}}, "classes": {"": {"executed_lines": [3], "summary": {"covered_lines": 1, "num_statements": 1, "percent_covered": 100.0, "percent_covered_display": "100", "missing_lines": 0, "excluded_lines": 0, "percent_statements_covered": 100.0, "percent_statements_covered_display": "100", "num_branches": 0, "num_partial_branches": 0, "covered_branches": 0, "missing_branches": 0, "percent_branches_covered": 100.0, "percent_branches_covered_display": "100"}, "missing_lines": [], "excluded_lines": [], "start_line": 1, "executed_branches": [], "missing_branches": []}}}, "src/counter_risk/build/__init__.py": {"executed_lines": [], "summary": {"covered_lines": 0, "num_statements": 0, "percent_covered": 100.0, "percent_covered_display": "100", "missing_lines": 0, "excluded_lines": 0, "percent_statements_covered": 100.0, "percent_statements_covered_display": "100", "num_branches": 0, "num_partial_branches": 0, "covered_branches": 0, "missing_branches": 0, "percent_branches_covered": 100.0, "percent_branches_covered_display": "100"}, "missing_lines": [], "excluded_lines": [], "executed_branches": [], "missing_branches": [], "functions": {"": {"executed_lines": [], "summary": {"covered_lines": 0, "num_statements": 0, "percent_covered": 100.0, "percent_covered_display": "100", "missing_lines": 0, "excluded_lines": 0, "percent_statements_covered": 100.0, "percent_statements_covered_display": "100", "num_branches": 0, "num_partial_branches": 0, "covered_branches": 0, "missing_branches": 0, "percent_branches_covered": 100.0, "percent_branches_covered_display": "100"}, "missing_lines": [], "excluded_lines": [], "start_line": 1, "executed_branches": [], "missing_branches": []}}, "classes": {"": {"executed_lines": [], "summary": {"covered_lines": 0, "num_statements": 0, "percent_covered": 100.0, "percent_covered_display": "100", "missing_lines": 0, "excluded_lines": 0, "percent_statements_covered": 100.0, "percent_statements_covered_display": "100", "num_branches": 0, "num_partial_branches": 0, "covered_branches": 0, "missing_branches": 0, "percent_branches_covered": 100.0, "percent_branches_covered_display": "100"}, "missing_lines": [], "excluded_lines": [], "start_line": 1, "executed_branches": [], "missing_branches": []}}}, "src/counter_risk/build/release.py": {"executed_lines": [3, 5, 6, 7, 8, 9, 10, 11, 12, 14, 15, 16, 19, 25, 28, 29, 30, 34, 40, 46, 51, 54, 57, 58, 59, 60, 63, 64, 65, 66, 70, 72, 75, 78, 79, 83, 84, 85, 87, 89, 90, 91, 92, 93, 94, 97, 98, 99, 118, 121, 122, 123, 125, 126, 128, 129, 131, 134, 135, 138, 139, 140, 141, 143, 144, 145, 147, 148, 149, 150, 151, 152, 155, 156, 157, 158, 161, 162, 163, 165, 168, 169, 172, 173, 180, 181, 183, 184, 185, 187, 188, 189, 190, 196, 197, 198, 199, 201, 202, 203, 204, 209, 210, 211, 212, 213, 216, 217, 218, 236, 239, 240, 241, 250, 251, 254, 255, 256, 259, 260, 266, 269, 270, 271, 272, 273, 277, 279, 280, 281, 283, 284, 289, 291, 292, 293, 295, 296, 298, 299, 301, 302, 303, 305, 308, 317, 318, 319, 320, 321, 324, 327, 328, 330, 331, 340, 341], "summary": {"covered_lines": 157, "num_statements": 169, "percent_covered": 90.43062200956938, "percent_covered_display": "90", "missing_lines": 12, "excluded_lines": 2, "percent_statements_covered": 92.89940828402366, "percent_statements_covered_display": "93", "num_branches": 40, "num_partial_branches": 8, "covered_branches": 32, "missing_branches": 8, "percent_branches_covered": 80.0, "percent_branches_covered_display": "80"}, "missing_lines": [22, 61, 71, 80, 81, 86, 88, 127, 164, 276, 337, 338], "excluded_lines": [344, 345], "executed_branches": [[57, 58], [57, 63], [59, 60], [70, 72], [79, 83], [84, 85], [84, 94], [85, 87], [87, 89], [125, 126], [125, 131], [126, 128], [128, 125], [128, 129], [134, 135], [134, 143], [138, 139], [138, 141], [147, 148], [147, 152], [163, 165], [187, -172], [187, 188], [198, 199], [198, 201], [203, 204], [203, 209], [259, -254], [259, 260], [271, 272], [271, 277], [272, 273]], "missing_branches": [[59, 61], [70, 71], [79, 80], [85, 86], [87, 88], [126, 127], [163, 164], [272, 276]], "functions": {"repository_root": {"executed_lines": [], "summary": {"covered_lines": 0, "num_statements": 1, "percent_covered": 0.0, "percent_covered_display": "0", "missing_lines": 1, "excluded_lines": 0, "percent_statements_covered": 0.0, "percent_statements_covered_display": "0", "num_branches": 0, "num_partial_branches": 0, "covered_branches": 0, "missing_branches": 0, "percent_branches_covered": 100.0, "percent_branches_covered_display": "100"}, "missing_lines": [22], "excluded_lines": [], "start_line": 19, "executed_branches": [], "missing_branches": []}, "build_parser": {"executed_lines": [28, 29, 30, 34, 40, 46, 51], "summary": {"covered_lines": 7, "num_statements": 7, "percent_covered": 100.0, "percent_covered_display": "100", "missing_lines": 0, "excluded_lines": 0, "percent_statements_covered": 100.0, "percent_statements_covered_display": "100", "num_branches": 0, "num_partial_branches": 0, "covered_branches": 0, "missing_branches": 0, "percent_branches_covered": 100.0, "percent_branches_covered_display": "100"}, "missing_lines": [], "excluded_lines": [], "start_line": 25, "executed_branches": [], "missing_branches": []}, "read_version": {"executed_lines": [57, 58, 59, 60, 63, 64, 65, 66, 70, 72], "summary": {"covered_lines": 10, "num_statements": 12, "percent_covered": 77.77777777777777, "percent_covered_display": "78", "missing_lines": 2, "excluded_lines": 0, "percent_statements_covered": 83.33333333333333, "percent_statements_covered_display": "83", "num_branches": 6, "num_partial_branches": 2, "covered_branches": 4, "missing_branches": 2, "percent_branches_covered": 66.66666666666667, "percent_branches_covered_display": "67"}, "missing_lines": [61, 71], "excluded_lines": [], "start_line": 54, "executed_branches": [[57, 58], [57, 63], [59, 60], [70, 72]], "missing_branches": [[59, 61], [70, 71]]}, "_copy_tree_filtered": {"executed_lines": [78, 79, 83, 84, 85, 87, 89, 90, 91, 92, 93, 94], "summary": {"covered_lines": 12, "num_statements": 16, "percent_covered": 70.83333333333333, "percent_covered_display": "71", "missing_lines": 4, "excluded_lines": 0, "percent_statements_covered": 75.0, "percent_statements_covered_display": "75", "num_branches": 8, "num_partial_branches": 3, "covered_branches": 5, "missing_branches": 3, "percent_branches_covered": 62.5, "percent_branches_covered_display": "62"}, "missing_lines": [80, 81, 86, 88], "excluded_lines": [], "start_line": 75, "executed_branches": [[79, 83], [84, 85], [84, 94], [85, 87], [87, 89]], "missing_branches": [[79, 80], [85, 86], [87, 88]]}, "_create_runner_file": {"executed_lines": [98, 99, 118], "summary": {"covered_lines": 3, "num_statements": 3, "percent_covered": 100.0, "percent_covered_display": "100", "missing_lines": 0, "excluded_lines": 0, "percent_statements_covered": 100.0, "percent_statements_covered_display": "100", "num_branches": 0, "num_partial_branches": 0, "covered_branches": 0, "missing_branches": 0, "percent_branches_covered": 100.0, "percent_branches_covered_display": "100"}, "missing_lines": [], "excluded_lines": [], "start_line": 97, "executed_branches": [], "missing_branches": []}, "_copy_templates": {"executed_lines": [122, 123, 125, 126, 128, 129, 131, 134, 135, 138, 139, 140, 141, 143, 144, 145, 147, 148, 149, 150, 151, 152], "summary": {"covered_lines": 22, "num_statements": 23, "percent_covered": 94.28571428571429, "percent_covered_display": "94", "missing_lines": 1, "excluded_lines": 0, "percent_statements_covered": 95.65217391304348, "percent_statements_covered_display": "96", "num_branches": 12, "num_partial_branches": 1, "covered_branches": 11, "missing_branches": 1, "percent_branches_covered": 91.66666666666667, "percent_branches_covered_display": "92"}, "missing_lines": [127], "excluded_lines": [], "start_line": 121, "executed_branches": [[125, 126], [125, 131], [126, 128], [128, 125], [128, 129], [134, 135], [134, 143], [138, 139], [138, 141], [147, 148], [147, 152]], "missing_branches": [[126, 127]]}, "_copy_fixture_artifacts": {"executed_lines": [156, 157, 158], "summary": {"covered_lines": 3, "num_statements": 3, "percent_covered": 100.0, "percent_covered_display": "100", "missing_lines": 0, "excluded_lines": 0, "percent_statements_covered": 100.0, "percent_statements_covered_display": "100", "num_branches": 0, "num_partial_branches": 0, "covered_branches": 0, "missing_branches": 0, "percent_branches_covered": 100.0, "percent_branches_covered_display": "100"}, "missing_lines": [], "excluded_lines": [], "start_line": 155, "executed_branches": [], "missing_branches": []}, "_executable_filename": {"executed_lines": [162, 163, 165], "summary": {"covered_lines": 3, "num_statements": 4, "percent_covered": 66.66666666666667, "percent_covered_display": "67", "missing_lines": 1, "excluded_lines": 0, "percent_statements_covered": 75.0, "percent_statements_covered_display": "75", "num_branches": 2, "num_partial_branches": 1, "covered_branches": 1, "missing_branches": 1, "percent_branches_covered": 50.0, "percent_branches_covered_display": "50"}, "missing_lines": [164], "excluded_lines": [], "start_line": 161, "executed_branches": [[163, 165]], "missing_branches": [[163, 164]]}, "_expected_pyinstaller_output": {"executed_lines": [169], "summary": {"covered_lines": 1, "num_statements": 1, "percent_covered": 100.0, "percent_covered_display": "100", "missing_lines": 0, "excluded_lines": 0, "percent_statements_covered": 100.0, "percent_statements_covered_display": "100", "num_branches": 0, "num_partial_branches": 0, "covered_branches": 0, "missing_branches": 0, "percent_branches_covered": 100.0, "percent_branches_covered_display": "100"}, "missing_lines": [], "excluded_lines": [], "start_line": 168, "executed_branches": [], "missing_branches": []}, "_run_pyinstaller": {"executed_lines": [173, 180, 181, 183, 184, 185, 187, 188, 189, 190], "summary": {"covered_lines": 10, "num_statements": 10, "percent_covered": 100.0, "percent_covered_display": "100", "missing_lines": 0, "excluded_lines": 0, "percent_statements_covered": 100.0, "percent_statements_covered_display": "100", "num_branches": 2, "num_partial_branches": 0, "covered_branches": 2, "missing_branches": 0, "percent_branches_covered": 100.0, "percent_branches_covered_display": "100"}, "missing_lines": [], "excluded_lines": [], "start_line": 172, "executed_branches": [[187, -172], [187, 188]], "missing_branches": []}, "_copy_bundled_executable": {"executed_lines": [197, 198, 199, 201, 202, 203, 204, 209, 210, 211, 212, 213], "summary": {"covered_lines": 12, "num_statements": 12, "percent_covered": 100.0, "percent_covered_display": "100", "missing_lines": 0, "excluded_lines": 0, "percent_statements_covered": 100.0, "percent_statements_covered_display": "100", "num_branches": 4, "num_partial_branches": 0, "covered_branches": 4, "missing_branches": 0, "percent_branches_covered": 100.0, "percent_branches_covered_display": "100"}, "missing_lines": [], "excluded_lines": [], "start_line": 196, "executed_branches": [[198, 199], [198, 201], [203, 204], [203, 209]], "missing_branches": []}, "_write_readme": {"executed_lines": [217, 218, 236], "summary": {"covered_lines": 3, "num_statements": 3, "percent_covered": 100.0, "percent_covered_display": "100", "missing_lines": 0, "excluded_lines": 0, "percent_statements_covered": 100.0, "percent_statements_covered_display": "100", "num_branches": 0, "num_partial_branches": 0, "covered_branches": 0, "missing_branches": 0, "percent_branches_covered": 100.0, "percent_branches_covered_display": "100"}, "missing_lines": [], "excluded_lines": [], "start_line": 216, "executed_branches": [], "missing_branches": []}, "_write_manifest": {"executed_lines": [240, 241, 250, 251], "summary": {"covered_lines": 4, "num_statements": 4, "percent_covered": 100.0, "percent_covered_display": "100", "missing_lines": 0, "excluded_lines": 0, "percent_statements_covered": 100.0, "percent_statements_covered_display": "100", "num_branches": 0, "num_partial_branches": 0, "covered_branches": 0, "missing_branches": 0, "percent_branches_covered": 100.0, "percent_branches_covered_display": "100"}, "missing_lines": [], "excluded_lines": [], "start_line": 239, "executed_branches": [], "missing_branches": []}, "_validate_version_manifest_consistency": {"executed_lines": [255, 256, 259, 260], "summary": {"covered_lines": 4, "num_statements": 4, "percent_covered": 100.0, "percent_covered_display": "100", "missing_lines": 0, "excluded_lines": 0, "percent_statements_covered": 100.0, "percent_statements_covered_display": "100", "num_branches": 2, "num_partial_branches": 0, "covered_branches": 2, "missing_branches": 0, "percent_branches_covered": 100.0, "percent_branches_covered_display": "100"}, "missing_lines": [], "excluded_lines": [], "start_line": 254, "executed_branches": [[259, -254], [259, 260]], "missing_branches": []}, "assemble_release": {"executed_lines": [269, 270, 271, 272, 273, 277, 279, 280, 281, 283, 284, 289, 291, 292, 293, 295, 296, 298, 299, 301, 302, 303, 305], "summary": {"covered_lines": 23, "num_statements": 24, "percent_covered": 92.85714285714286, "percent_covered_display": "93", "missing_lines": 1, "excluded_lines": 0, "percent_statements_covered": 95.83333333333333, "percent_statements_covered_display": "96", "num_branches": 4, "num_partial_branches": 1, "covered_branches": 3, "missing_branches": 1, "percent_branches_covered": 75.0, "percent_branches_covered_display": "75"}, "missing_lines": [276], "excluded_lines": [], "start_line": 266, "executed_branches": [[271, 272], [271, 277], [272, 273]], "missing_branches": [[272, 276]]}, "run_release": {"executed_lines": [317, 318, 319, 320, 321], "summary": {"covered_lines": 5, "num_statements": 5, "percent_covered": 100.0, "percent_covered_display": "100", "missing_lines": 0, "excluded_lines": 0, "percent_statements_covered": 100.0, "percent_statements_covered_display": "100", "num_branches": 0, "num_partial_branches": 0, "covered_branches": 0, "missing_branches": 0, "percent_branches_covered": 100.0, "percent_branches_covered_display": "100"}, "missing_lines": [], "excluded_lines": [], "start_line": 308, "executed_branches": [], "missing_branches": []}, "main": {"executed_lines": [327, 328, 330, 331, 340, 341], "summary": {"covered_lines": 6, "num_statements": 8, "percent_covered": 75.0, "percent_covered_display": "75", "missing_lines": 2, "excluded_lines": 0, "percent_statements_covered": 75.0, "percent_statements_covered_display": "75", "num_branches": 0, "num_partial_branches": 0, "covered_branches": 0, "missing_branches": 0, "percent_branches_covered": 100.0, "percent_branches_covered_display": "100"}, "missing_lines": [337, 338], "excluded_lines": [], "start_line": 324, "executed_branches": [], "missing_branches": []}, "": {"executed_lines": [3, 5, 6, 7, 8, 9, 10, 11, 12, 14, 15, 16, 19, 25, 54, 75, 97, 121, 155, 161, 168, 172, 196, 216, 239, 254, 266, 308, 324], "summary": {"covered_lines": 29, "num_statements": 29, "percent_covered": 100.0, "percent_covered_display": "100", "missing_lines": 0, "excluded_lines": 2, "percent_statements_covered": 100.0, "percent_statements_covered_display": "100", "num_branches": 0, "num_partial_branches": 0, "covered_branches": 0, "missing_branches": 0, "percent_branches_covered": 100.0, "percent_branches_covered_display": "100"}, "missing_lines": [], "excluded_lines": [344, 345], "start_line": 1, "executed_branches": [], "missing_branches": []}}, "classes": {"": {"executed_lines": [3, 5, 6, 7, 8, 9, 10, 11, 12, 14, 15, 16, 19, 25, 28, 29, 30, 34, 40, 46, 51, 54, 57, 58, 59, 60, 63, 64, 65, 66, 70, 72, 75, 78, 79, 83, 84, 85, 87, 89, 90, 91, 92, 93, 94, 97, 98, 99, 118, 121, 122, 123, 125, 126, 128, 129, 131, 134, 135, 138, 139, 140, 141, 143, 144, 145, 147, 148, 149, 150, 151, 152, 155, 156, 157, 158, 161, 162, 163, 165, 168, 169, 172, 173, 180, 181, 183, 184, 185, 187, 188, 189, 190, 196, 197, 198, 199, 201, 202, 203, 204, 209, 210, 211, 212, 213, 216, 217, 218, 236, 239, 240, 241, 250, 251, 254, 255, 256, 259, 260, 266, 269, 270, 271, 272, 273, 277, 279, 280, 281, 283, 284, 289, 291, 292, 293, 295, 296, 298, 299, 301, 302, 303, 305, 308, 317, 318, 319, 320, 321, 324, 327, 328, 330, 331, 340, 341], "summary": {"covered_lines": 157, "num_statements": 169, "percent_covered": 90.43062200956938, "percent_covered_display": "90", "missing_lines": 12, "excluded_lines": 2, "percent_statements_covered": 92.89940828402366, "percent_statements_covered_display": "93", "num_branches": 40, "num_partial_branches": 8, "covered_branches": 32, "missing_branches": 8, "percent_branches_covered": 80.0, "percent_branches_covered_display": "80"}, "missing_lines": [22, 61, 71, 80, 81, 86, 88, 127, 164, 276, 337, 338], "excluded_lines": [344, 345], "start_line": 1, "executed_branches": [[57, 58], [57, 63], [59, 60], [70, 72], [79, 83], [84, 85], [84, 94], [85, 87], [87, 89], [125, 126], [125, 131], [126, 128], [128, 125], [128, 129], [134, 135], [134, 143], [138, 139], [138, 141], [147, 148], [147, 152], [163, 165], [187, -172], [187, 188], [198, 199], [198, 201], [203, 204], [203, 209], [259, -254], [259, 260], [271, 272], [271, 277], [272, 273]], "missing_branches": [[59, 61], [70, 71], [79, 80], [85, 86], [87, 88], [126, 127], [163, 164], [272, 276]]}}}, "src/counter_risk/chat/__init__.py": {"executed_lines": [3, 10, 20], "summary": {"covered_lines": 3, "num_statements": 3, "percent_covered": 100.0, "percent_covered_display": "100", "missing_lines": 0, "excluded_lines": 0, "percent_statements_covered": 100.0, "percent_statements_covered_display": "100", "num_branches": 0, "num_partial_branches": 0, "covered_branches": 0, "missing_branches": 0, "percent_branches_covered": 100.0, "percent_branches_covered_display": "100"}, "missing_lines": [], "excluded_lines": [], "executed_branches": [], "missing_branches": [], "functions": {"": {"executed_lines": [3, 10, 20], "summary": {"covered_lines": 3, "num_statements": 3, "percent_covered": 100.0, "percent_covered_display": "100", "missing_lines": 0, "excluded_lines": 0, "percent_statements_covered": 100.0, "percent_statements_covered_display": "100", "num_branches": 0, "num_partial_branches": 0, "covered_branches": 0, "missing_branches": 0, "percent_branches_covered": 100.0, "percent_branches_covered_display": "100"}, "missing_lines": [], "excluded_lines": [], "start_line": 1, "executed_branches": [], "missing_branches": []}}, "classes": {"": {"executed_lines": [3, 10, 20], "summary": {"covered_lines": 3, "num_statements": 3, "percent_covered": 100.0, "percent_covered_display": "100", "missing_lines": 0, "excluded_lines": 0, "percent_statements_covered": 100.0, "percent_statements_covered_display": "100", "num_branches": 0, "num_partial_branches": 0, "covered_branches": 0, "missing_branches": 0, "percent_branches_covered": 100.0, "percent_branches_covered_display": "100"}, "missing_lines": [], "excluded_lines": [], "start_line": 1, "executed_branches": [], "missing_branches": []}}}, "src/counter_risk/chat/context.py": {"executed_lines": [3, 5, 6, 7, 8, 9, 11, 14, 18, 19, 22, 23, 24, 25, 26, 28, 31, 32, 33, 34, 43, 46, 47, 50, 51, 52, 54, 63, 66, 67, 68, 70, 71, 72, 73, 77, 80, 83, 86, 87, 89, 90, 91, 92, 93, 94, 96, 99, 104, 105, 107, 108, 109, 110, 111, 113, 114, 115, 116, 117, 119, 122, 123, 124, 135, 136, 137, 138, 139, 146], "summary": {"covered_lines": 70, "num_statements": 88, "percent_covered": 78.18181818181819, "percent_covered_display": "78", "missing_lines": 18, "excluded_lines": 2, "percent_statements_covered": 79.54545454545455, "percent_statements_covered_display": "80", "num_branches": 22, "num_partial_branches": 6, "covered_branches": 16, "missing_branches": 6, "percent_branches_covered": 72.72727272727273, "percent_branches_covered_display": "73"}, "missing_lines": [48, 74, 75, 78, 112, 129, 130, 140, 141, 142, 143, 147, 148, 149, 150, 152, 153, 156], "excluded_lines": [154, 155], "executed_branches": [[47, 50], [67, 68], [67, 70], [77, 80], [89, 90], [89, 96], [91, 92], [91, 93], [93, 94], [109, 110], [110, 111], [110, 119], [111, 113], [114, 115], [114, 117], [115, 116]], "missing_branches": [[47, 48], [77, 78], [93, 89], [109, 119], [111, 112], [115, 114]], "functions": {"RunContext.summary": {"executed_lines": [31, 32, 33, 34], "summary": {"covered_lines": 4, "num_statements": 4, "percent_covered": 100.0, "percent_covered_display": "100", "missing_lines": 0, "excluded_lines": 0, "percent_statements_covered": 100.0, "percent_statements_covered_display": "100", "num_branches": 0, "num_partial_branches": 0, "covered_branches": 0, "missing_branches": 0, "percent_branches_covered": 100.0, "percent_branches_covered_display": "100"}, "missing_lines": [], "excluded_lines": [], "start_line": 28, "executed_branches": [], "missing_branches": []}, "load_run_context": {"executed_lines": [46, 47, 50, 51, 52, 54], "summary": {"covered_lines": 6, "num_statements": 7, "percent_covered": 77.77777777777777, "percent_covered_display": "78", "missing_lines": 1, "excluded_lines": 0, "percent_statements_covered": 85.71428571428571, "percent_statements_covered_display": "86", "num_branches": 2, "num_partial_branches": 1, "covered_branches": 1, "missing_branches": 1, "percent_branches_covered": 50.0, "percent_branches_covered_display": "50"}, "missing_lines": [48], "excluded_lines": [], "start_line": 43, "executed_branches": [[47, 50]], "missing_branches": [[47, 48]]}, "load_manifest": {"executed_lines": [66, 67, 68, 70, 71, 72, 73, 77, 80], "summary": {"covered_lines": 9, "num_statements": 12, "percent_covered": 75.0, "percent_covered_display": "75", "missing_lines": 3, "excluded_lines": 0, "percent_statements_covered": 75.0, "percent_statements_covered_display": "75", "num_branches": 4, "num_partial_branches": 1, "covered_branches": 3, "missing_branches": 1, "percent_branches_covered": 75.0, "percent_branches_covered_display": "75"}, "missing_lines": [74, 75, 78], "excluded_lines": [], "start_line": 63, "executed_branches": [[67, 68], [67, 70], [77, 80]], "missing_branches": [[77, 78]]}, "discover_tables": {"executed_lines": [86, 87, 89, 90, 91, 92, 93, 94, 96], "summary": {"covered_lines": 9, "num_statements": 9, "percent_covered": 93.33333333333333, "percent_covered_display": "93", "missing_lines": 0, "excluded_lines": 0, "percent_statements_covered": 100.0, "percent_statements_covered_display": "100", "num_branches": 6, "num_partial_branches": 1, "covered_branches": 5, "missing_branches": 1, "percent_branches_covered": 83.33333333333333, "percent_branches_covered_display": "83"}, "missing_lines": [], "excluded_lines": [], "start_line": 83, "executed_branches": [[89, 90], [89, 96], [91, 92], [91, 93], [93, 94]], "missing_branches": [[93, 89]]}, "extract_key_warnings_and_deltas": {"executed_lines": [104, 105, 107, 108, 109, 110, 111, 113, 114, 115, 116, 117, 119], "summary": {"covered_lines": 13, "num_statements": 14, "percent_covered": 83.33333333333333, "percent_covered_display": "83", "missing_lines": 1, "excluded_lines": 0, "percent_statements_covered": 92.85714285714286, "percent_statements_covered_display": "93", "num_branches": 10, "num_partial_branches": 3, "covered_branches": 7, "missing_branches": 3, "percent_branches_covered": 70.0, "percent_branches_covered_display": "70"}, "missing_lines": [112], "excluded_lines": [], "start_line": 99, "executed_branches": [[109, 110], [110, 111], [110, 119], [111, 113], [114, 115], [114, 117], [115, 116]], "missing_branches": [[109, 119], [111, 112], [115, 114]]}, "_iter_table_paths": {"executed_lines": [123, 124], "summary": {"covered_lines": 2, "num_statements": 4, "percent_covered": 50.0, "percent_covered_display": "50", "missing_lines": 2, "excluded_lines": 0, "percent_statements_covered": 50.0, "percent_statements_covered_display": "50", "num_branches": 0, "num_partial_branches": 0, "covered_branches": 0, "missing_branches": 0, "percent_branches_covered": 100.0, "percent_branches_covered_display": "100"}, "missing_lines": [129, 130], "excluded_lines": [], "start_line": 122, "executed_branches": [], "missing_branches": []}, "_load_csv_table": {"executed_lines": [136, 137, 138, 139], "summary": {"covered_lines": 4, "num_statements": 8, "percent_covered": 50.0, "percent_covered_display": "50", "missing_lines": 4, "excluded_lines": 0, "percent_statements_covered": 50.0, "percent_statements_covered_display": "50", "num_branches": 0, "num_partial_branches": 0, "covered_branches": 0, "missing_branches": 0, "percent_branches_covered": 100.0, "percent_branches_covered_display": "100"}, "missing_lines": [140, 141, 142, 143], "excluded_lines": [], "start_line": 135, "executed_branches": [], "missing_branches": []}, "_load_parquet_table": {"executed_lines": [], "summary": {"covered_lines": 0, "num_statements": 7, "percent_covered": 0.0, "percent_covered_display": "0", "missing_lines": 7, "excluded_lines": 2, "percent_statements_covered": 0.0, "percent_statements_covered_display": "0", "num_branches": 0, "num_partial_branches": 0, "covered_branches": 0, "missing_branches": 0, "percent_branches_covered": 100.0, "percent_branches_covered_display": "100"}, "missing_lines": [147, 148, 149, 150, 152, 153, 156], "excluded_lines": [154, 155], "start_line": 146, "executed_branches": [], "missing_branches": []}, "": {"executed_lines": [3, 5, 6, 7, 8, 9, 11, 14, 18, 19, 22, 23, 24, 25, 26, 28, 43, 63, 83, 99, 122, 135, 146], "summary": {"covered_lines": 23, "num_statements": 23, "percent_covered": 100.0, "percent_covered_display": "100", "missing_lines": 0, "excluded_lines": 0, "percent_statements_covered": 100.0, "percent_statements_covered_display": "100", "num_branches": 0, "num_partial_branches": 0, "covered_branches": 0, "missing_branches": 0, "percent_branches_covered": 100.0, "percent_branches_covered_display": "100"}, "missing_lines": [], "excluded_lines": [], "start_line": 1, "executed_branches": [], "missing_branches": []}}, "classes": {"RunContextError": {"executed_lines": [], "summary": {"covered_lines": 0, "num_statements": 0, "percent_covered": 100.0, "percent_covered_display": "100", "missing_lines": 0, "excluded_lines": 0, "percent_statements_covered": 100.0, "percent_statements_covered_display": "100", "num_branches": 0, "num_partial_branches": 0, "covered_branches": 0, "missing_branches": 0, "percent_branches_covered": 100.0, "percent_branches_covered_display": "100"}, "missing_lines": [], "excluded_lines": [], "start_line": 14, "executed_branches": [], "missing_branches": []}, "RunContext": {"executed_lines": [31, 32, 33, 34], "summary": {"covered_lines": 4, "num_statements": 4, "percent_covered": 100.0, "percent_covered_display": "100", "missing_lines": 0, "excluded_lines": 0, "percent_statements_covered": 100.0, "percent_statements_covered_display": "100", "num_branches": 0, "num_partial_branches": 0, "covered_branches": 0, "missing_branches": 0, "percent_branches_covered": 100.0, "percent_branches_covered_display": "100"}, "missing_lines": [], "excluded_lines": [], "start_line": 19, "executed_branches": [], "missing_branches": []}, "": {"executed_lines": [3, 5, 6, 7, 8, 9, 11, 14, 18, 19, 22, 23, 24, 25, 26, 28, 43, 46, 47, 50, 51, 52, 54, 63, 66, 67, 68, 70, 71, 72, 73, 77, 80, 83, 86, 87, 89, 90, 91, 92, 93, 94, 96, 99, 104, 105, 107, 108, 109, 110, 111, 113, 114, 115, 116, 117, 119, 122, 123, 124, 135, 136, 137, 138, 139, 146], "summary": {"covered_lines": 66, "num_statements": 84, "percent_covered": 77.35849056603773, "percent_covered_display": "77", "missing_lines": 18, "excluded_lines": 2, "percent_statements_covered": 78.57142857142857, "percent_statements_covered_display": "79", "num_branches": 22, "num_partial_branches": 6, "covered_branches": 16, "missing_branches": 6, "percent_branches_covered": 72.72727272727273, "percent_branches_covered_display": "73"}, "missing_lines": [48, 74, 75, 78, 112, 129, 130, 140, 141, 142, 143, 147, 148, 149, 150, 152, 153, 156], "excluded_lines": [154, 155], "start_line": 1, "executed_branches": [[47, 50], [67, 68], [67, 70], [77, 80], [89, 90], [89, 96], [91, 92], [91, 93], [93, 94], [109, 110], [110, 111], [110, 119], [111, 113], [114, 115], [114, 117], [115, 116]], "missing_branches": [[47, 48], [77, 78], [93, 89], [109, 119], [111, 112], [115, 114]]}}}, "src/counter_risk/chat/session.py": {"executed_lines": [3, 5, 6, 7, 8, 9, 11, 13, 15, 21, 26, 35, 39, 43, 44, 47, 48, 51, 52, 55, 56, 57, 58, 60, 61, 62, 64, 65, 68, 75, 76, 77, 81, 84, 85, 88, 90, 91, 92, 93, 95, 96, 97, 98, 109, 112, 114, 115, 116, 118, 137, 140, 141, 144, 145, 146, 150, 154, 157, 160, 163, 164, 165, 166, 167, 169, 170, 171, 173, 174, 176, 179, 180, 181, 184, 185, 186, 187, 189, 193, 194, 198, 199, 200, 202], "summary": {"covered_lines": 85, "num_statements": 98, "percent_covered": 83.33333333333333, "percent_covered_display": "83", "missing_lines": 13, "excluded_lines": 0, "percent_statements_covered": 86.73469387755102, "percent_statements_covered_display": "87", "num_branches": 28, "num_partial_branches": 8, "covered_branches": 20, "missing_branches": 8, "percent_branches_covered": 71.42857142857143, "percent_branches_covered_display": "71"}, "missing_lines": [66, 69, 70, 100, 101, 102, 142, 182, 188, 190, 191, 195, 196], "excluded_lines": [], "executed_branches": [[65, 68], [68, 75], [76, -60], [76, 77], [97, 98], [141, 144], [144, 145], [144, 154], [145, 144], [145, 146], [170, 171], [170, 173], [173, 174], [173, 176], [181, 184], [185, 186], [185, 202], [187, 189], [189, 193], [194, 198]], "missing_branches": [[65, 66], [68, 69], [97, 100], [141, 142], [181, 182], [187, 188], [189, 190], [194, 195]], "functions": {"ChatSession.__post_init__": {"executed_lines": [61, 62, 64, 65, 68, 75, 76, 77], "summary": {"covered_lines": 8, "num_statements": 11, "percent_covered": 70.58823529411765, "percent_covered_display": "71", "missing_lines": 3, "excluded_lines": 0, "percent_statements_covered": 72.72727272727273, "percent_statements_covered_display": "73", "num_branches": 6, "num_partial_branches": 2, "covered_branches": 4, "missing_branches": 2, "percent_branches_covered": 66.66666666666667, "percent_branches_covered_display": "67"}, "missing_lines": [66, 69, 70], "excluded_lines": [], "start_line": 60, "executed_branches": [[65, 68], [68, 75], [76, -60], [76, 77]], "missing_branches": [[65, 66], [68, 69]]}, "ChatSession.ask": {"executed_lines": [84, 85, 88, 90, 91, 92, 93], "summary": {"covered_lines": 7, "num_statements": 7, "percent_covered": 100.0, "percent_covered_display": "100", "missing_lines": 0, "excluded_lines": 0, "percent_statements_covered": 100.0, "percent_statements_covered_display": "100", "num_branches": 0, "num_partial_branches": 0, "covered_branches": 0, "missing_branches": 0, "percent_branches_covered": 100.0, "percent_branches_covered_display": "100"}, "missing_lines": [], "excluded_lines": [], "start_line": 81, "executed_branches": [], "missing_branches": []}, "ChatSession._answer_from_context": {"executed_lines": [96, 97, 98], "summary": {"covered_lines": 3, "num_statements": 6, "percent_covered": 50.0, "percent_covered_display": "50", "missing_lines": 3, "excluded_lines": 0, "percent_statements_covered": 50.0, "percent_statements_covered_display": "50", "num_branches": 2, "num_partial_branches": 1, "covered_branches": 1, "missing_branches": 1, "percent_branches_covered": 50.0, "percent_branches_covered_display": "50"}, "missing_lines": [100, 101, 102], "excluded_lines": [], "start_line": 95, "executed_branches": [[97, 98]], "missing_branches": [[97, 100]]}, "build_guarded_prompt": {"executed_lines": [112, 114, 115, 116, 118], "summary": {"covered_lines": 5, "num_statements": 5, "percent_covered": 100.0, "percent_covered_display": "100", "missing_lines": 0, "excluded_lines": 0, "percent_statements_covered": 100.0, "percent_statements_covered_display": "100", "num_branches": 0, "num_partial_branches": 0, "covered_branches": 0, "missing_branches": 0, "percent_branches_covered": 100.0, "percent_branches_covered_display": "100"}, "missing_lines": [], "excluded_lines": [], "start_line": 109, "executed_branches": [], "missing_branches": []}, "validate_user_query": {"executed_lines": [140, 141, 144, 145, 146, 150, 154], "summary": {"covered_lines": 7, "num_statements": 8, "percent_covered": 85.71428571428571, "percent_covered_display": "86", "missing_lines": 1, "excluded_lines": 0, "percent_statements_covered": 87.5, "percent_statements_covered_display": "88", "num_branches": 6, "num_partial_branches": 1, "covered_branches": 5, "missing_branches": 1, "percent_branches_covered": 83.33333333333333, "percent_branches_covered_display": "83"}, "missing_lines": [142], "excluded_lines": [], "start_line": 137, "executed_branches": [[141, 144], [144, 145], [144, 154], [145, 144], [145, 146]], "missing_branches": [[141, 142]]}, "sanitize_untrusted_text": {"executed_lines": [160, 163, 164, 165, 166, 167, 169, 170, 171, 173, 174, 176], "summary": {"covered_lines": 12, "num_statements": 12, "percent_covered": 100.0, "percent_covered_display": "100", "missing_lines": 0, "excluded_lines": 0, "percent_statements_covered": 100.0, "percent_statements_covered_display": "100", "num_branches": 4, "num_partial_branches": 0, "covered_branches": 4, "missing_branches": 0, "percent_branches_covered": 100.0, "percent_branches_covered_display": "100"}, "missing_lines": [], "excluded_lines": [], "start_line": 157, "executed_branches": [[170, 171], [170, 173], [173, 174], [173, 176]], "missing_branches": []}, "_format_top_exposures": {"executed_lines": [180, 181, 184, 185, 186, 187, 189, 193, 194, 198, 199, 200, 202], "summary": {"covered_lines": 13, "num_statements": 19, "percent_covered": 65.51724137931035, "percent_covered_display": "66", "missing_lines": 6, "excluded_lines": 0, "percent_statements_covered": 68.42105263157895, "percent_statements_covered_display": "68", "num_branches": 10, "num_partial_branches": 4, "covered_branches": 6, "missing_branches": 4, "percent_branches_covered": 60.0, "percent_branches_covered_display": "60"}, "missing_lines": [182, 188, 190, 191, 195, 196], "excluded_lines": [], "start_line": 179, "executed_branches": [[181, 184], [185, 186], [185, 202], [187, 189], [189, 193], [194, 198]], "missing_branches": [[181, 182], [187, 188], [189, 190], [194, 195]]}, "": {"executed_lines": [3, 5, 6, 7, 8, 9, 11, 13, 15, 21, 26, 35, 39, 43, 44, 47, 48, 51, 52, 55, 56, 57, 58, 60, 81, 95, 109, 137, 157, 179], "summary": {"covered_lines": 30, "num_statements": 30, "percent_covered": 100.0, "percent_covered_display": "100", "missing_lines": 0, "excluded_lines": 0, "percent_statements_covered": 100.0, "percent_statements_covered_display": "100", "num_branches": 0, "num_partial_branches": 0, "covered_branches": 0, "missing_branches": 0, "percent_branches_covered": 100.0, "percent_branches_covered_display": "100"}, "missing_lines": [], "excluded_lines": [], "start_line": 1, "executed_branches": [], "missing_branches": []}}, "classes": {"ChatSessionError": {"executed_lines": [], "summary": {"covered_lines": 0, "num_statements": 0, "percent_covered": 100.0, "percent_covered_display": "100", "missing_lines": 0, "excluded_lines": 0, "percent_statements_covered": 100.0, "percent_statements_covered_display": "100", "num_branches": 0, "num_partial_branches": 0, "covered_branches": 0, "missing_branches": 0, "percent_branches_covered": 100.0, "percent_branches_covered_display": "100"}, "missing_lines": [], "excluded_lines": [], "start_line": 35, "executed_branches": [], "missing_branches": []}, "PromptInjectionError": {"executed_lines": [], "summary": {"covered_lines": 0, "num_statements": 0, "percent_covered": 100.0, "percent_covered_display": "100", "missing_lines": 0, "excluded_lines": 0, "percent_statements_covered": 100.0, "percent_statements_covered_display": "100", "num_branches": 0, "num_partial_branches": 0, "covered_branches": 0, "missing_branches": 0, "percent_branches_covered": 100.0, "percent_branches_covered_display": "100"}, "missing_lines": [], "excluded_lines": [], "start_line": 39, "executed_branches": [], "missing_branches": []}, "ChatMessage": {"executed_lines": [], "summary": {"covered_lines": 0, "num_statements": 0, "percent_covered": 100.0, "percent_covered_display": "100", "missing_lines": 0, "excluded_lines": 0, "percent_statements_covered": 100.0, "percent_statements_covered_display": "100", "num_branches": 0, "num_partial_branches": 0, "covered_branches": 0, "missing_branches": 0, "percent_branches_covered": 100.0, "percent_branches_covered_display": "100"}, "missing_lines": [], "excluded_lines": [], "start_line": 44, "executed_branches": [], "missing_branches": []}, "ChatSession": {"executed_lines": [61, 62, 64, 65, 68, 75, 76, 77, 84, 85, 88, 90, 91, 92, 93, 96, 97, 98], "summary": {"covered_lines": 18, "num_statements": 24, "percent_covered": 71.875, "percent_covered_display": "72", "missing_lines": 6, "excluded_lines": 0, "percent_statements_covered": 75.0, "percent_statements_covered_display": "75", "num_branches": 8, "num_partial_branches": 3, "covered_branches": 5, "missing_branches": 3, "percent_branches_covered": 62.5, "percent_branches_covered_display": "62"}, "missing_lines": [66, 69, 70, 100, 101, 102], "excluded_lines": [], "start_line": 52, "executed_branches": [[65, 68], [68, 75], [76, -60], [76, 77], [97, 98]], "missing_branches": [[65, 66], [68, 69], [97, 100]]}, "": {"executed_lines": [3, 5, 6, 7, 8, 9, 11, 13, 15, 21, 26, 35, 39, 43, 44, 47, 48, 51, 52, 55, 56, 57, 58, 60, 81, 95, 109, 112, 114, 115, 116, 118, 137, 140, 141, 144, 145, 146, 150, 154, 157, 160, 163, 164, 165, 166, 167, 169, 170, 171, 173, 174, 176, 179, 180, 181, 184, 185, 186, 187, 189, 193, 194, 198, 199, 200, 202], "summary": {"covered_lines": 67, "num_statements": 74, "percent_covered": 87.23404255319149, "percent_covered_display": "87", "missing_lines": 7, "excluded_lines": 0, "percent_statements_covered": 90.54054054054055, "percent_statements_covered_display": "91", "num_branches": 20, "num_partial_branches": 5, "covered_branches": 15, "missing_branches": 5, "percent_branches_covered": 75.0, "percent_branches_covered_display": "75"}, "missing_lines": [142, 182, 188, 190, 191, 195, 196], "excluded_lines": [], "start_line": 1, "executed_branches": [[141, 144], [144, 145], [144, 154], [145, 144], [145, 146], [170, 171], [170, 173], [173, 174], [173, 176], [181, 184], [185, 186], [185, 202], [187, 189], [189, 193], [194, 198]], "missing_branches": [[141, 142], [181, 182], [187, 188], [189, 190], [194, 195]]}}}, "src/counter_risk/cli.py": {"executed_lines": [3, 5, 6, 7, 8, 10, 11, 14, 17, 18, 20, 21, 26, 32, 38, 39, 42, 43, 44, 45, 46, 48, 49, 52, 55, 56, 58, 59, 60, 61, 62, 63], "summary": {"covered_lines": 32, "num_statements": 32, "percent_covered": 100.0, "percent_covered_display": "100", "missing_lines": 0, "excluded_lines": 2, "percent_statements_covered": 100.0, "percent_statements_covered_display": "100", "num_branches": 4, "num_partial_branches": 0, "covered_branches": 4, "missing_branches": 0, "percent_branches_covered": 100.0, "percent_branches_covered_display": "100"}, "missing_lines": [], "excluded_lines": [66, 67], "executed_branches": [[43, 44], [43, 48], [59, 60], [59, 62]], "missing_branches": [], "functions": {"build_parser": {"executed_lines": [17, 18, 20, 21, 26, 32, 38, 39], "summary": {"covered_lines": 8, "num_statements": 8, "percent_covered": 100.0, "percent_covered_display": "100", "missing_lines": 0, "excluded_lines": 0, "percent_statements_covered": 100.0, "percent_statements_covered_display": "100", "num_branches": 0, "num_partial_branches": 0, "covered_branches": 0, "missing_branches": 0, "percent_branches_covered": 100.0, "percent_branches_covered_display": "100"}, "missing_lines": [], "excluded_lines": [], "start_line": 14, "executed_branches": [], "missing_branches": []}, "_run_command": {"executed_lines": [43, 44, 45, 46, 48, 49], "summary": {"covered_lines": 6, "num_statements": 6, "percent_covered": 100.0, "percent_covered_display": "100", "missing_lines": 0, "excluded_lines": 0, "percent_statements_covered": 100.0, "percent_statements_covered_display": "100", "num_branches": 2, "num_partial_branches": 0, "covered_branches": 2, "missing_branches": 0, "percent_branches_covered": 100.0, "percent_branches_covered_display": "100"}, "missing_lines": [], "excluded_lines": [], "start_line": 42, "executed_branches": [[43, 44], [43, 48]], "missing_branches": []}, "main": {"executed_lines": [55, 56, 58, 59, 60, 61, 62, 63], "summary": {"covered_lines": 8, "num_statements": 8, "percent_covered": 100.0, "percent_covered_display": "100", "missing_lines": 0, "excluded_lines": 0, "percent_statements_covered": 100.0, "percent_statements_covered_display": "100", "num_branches": 2, "num_partial_branches": 0, "covered_branches": 2, "missing_branches": 0, "percent_branches_covered": 100.0, "percent_branches_covered_display": "100"}, "missing_lines": [], "excluded_lines": [], "start_line": 52, "executed_branches": [[59, 60], [59, 62]], "missing_branches": []}, "": {"executed_lines": [3, 5, 6, 7, 8, 10, 11, 14, 42, 52], "summary": {"covered_lines": 10, "num_statements": 10, "percent_covered": 100.0, "percent_covered_display": "100", "missing_lines": 0, "excluded_lines": 2, "percent_statements_covered": 100.0, "percent_statements_covered_display": "100", "num_branches": 0, "num_partial_branches": 0, "covered_branches": 0, "missing_branches": 0, "percent_branches_covered": 100.0, "percent_branches_covered_display": "100"}, "missing_lines": [], "excluded_lines": [66, 67], "start_line": 1, "executed_branches": [], "missing_branches": []}}, "classes": {"": {"executed_lines": [3, 5, 6, 7, 8, 10, 11, 14, 17, 18, 20, 21, 26, 32, 38, 39, 42, 43, 44, 45, 46, 48, 49, 52, 55, 56, 58, 59, 60, 61, 62, 63], "summary": {"covered_lines": 32, "num_statements": 32, "percent_covered": 100.0, "percent_covered_display": "100", "missing_lines": 0, "excluded_lines": 2, "percent_statements_covered": 100.0, "percent_statements_covered_display": "100", "num_branches": 4, "num_partial_branches": 0, "covered_branches": 4, "missing_branches": 0, "percent_branches_covered": 100.0, "percent_branches_covered_display": "100"}, "missing_lines": [], "excluded_lines": [66, 67], "start_line": 1, "executed_branches": [[43, 44], [43, 48], [59, 60], [59, 62]], "missing_branches": []}}}, "src/counter_risk/compute/__init__.py": {"executed_lines": [3, 10], "summary": {"covered_lines": 2, "num_statements": 2, "percent_covered": 100.0, "percent_covered_display": "100", "missing_lines": 0, "excluded_lines": 0, "percent_statements_covered": 100.0, "percent_statements_covered_display": "100", "num_branches": 0, "num_partial_branches": 0, "covered_branches": 0, "missing_branches": 0, "percent_branches_covered": 100.0, "percent_branches_covered_display": "100"}, "missing_lines": [], "excluded_lines": [], "executed_branches": [], "missing_branches": [], "functions": {"": {"executed_lines": [3, 10], "summary": {"covered_lines": 2, "num_statements": 2, "percent_covered": 100.0, "percent_covered_display": "100", "missing_lines": 0, "excluded_lines": 0, "percent_statements_covered": 100.0, "percent_statements_covered_display": "100", "num_branches": 0, "num_partial_branches": 0, "covered_branches": 0, "missing_branches": 0, "percent_branches_covered": 100.0, "percent_branches_covered_display": "100"}, "missing_lines": [], "excluded_lines": [], "start_line": 1, "executed_branches": [], "missing_branches": []}}, "classes": {"": {"executed_lines": [3, 10], "summary": {"covered_lines": 2, "num_statements": 2, "percent_covered": 100.0, "percent_covered_display": "100", "missing_lines": 0, "excluded_lines": 0, "percent_statements_covered": 100.0, "percent_statements_covered_display": "100", "num_branches": 0, "num_partial_branches": 0, "covered_branches": 0, "missing_branches": 0, "percent_branches_covered": 100.0, "percent_branches_covered_display": "100"}, "missing_lines": [], "excluded_lines": [], "start_line": 1, "executed_branches": [], "missing_branches": []}}}, "src/counter_risk/compute/rollups.py": {"executed_lines": [3, 5, 6, 7, 9, 10, 11, 12, 20, 28, 29, 39, 40, 43, 45, 47, 48, 54, 55, 56, 58, 60, 63, 64, 65, 66, 67, 71, 78, 79, 82, 83, 86, 87, 97, 98, 99, 103, 105, 106, 109, 112, 113, 114, 117, 128, 129, 132, 133, 135, 136, 137, 138, 139, 146, 147, 148, 149, 151, 153, 154, 155, 165, 166, 167, 177, 180, 183, 184, 185, 187, 188, 189, 190, 191, 193, 194, 197, 203, 206, 209, 210, 212, 213, 221, 229, 232, 235, 238, 239, 241, 242, 243, 244, 257, 258, 260, 271, 279], "summary": {"covered_lines": 99, "num_statements": 122, "percent_covered": 77.05882352941177, "percent_covered_display": "77", "missing_lines": 23, "excluded_lines": 0, "percent_statements_covered": 81.14754098360656, "percent_statements_covered_display": "81", "num_branches": 48, "num_partial_branches": 14, "covered_branches": 32, "missing_branches": 16, "percent_branches_covered": 66.66666666666667, "percent_branches_covered_display": "67"}, "missing_lines": [46, 50, 57, 68, 80, 84, 88, 89, 91, 92, 94, 100, 101, 107, 130, 195, 207, 236, 245, 246, 248, 249, 255], "excluded_lines": [], "executed_branches": [[45, 47], [47, 48], [55, 56], [55, 60], [56, 58], [64, 65], [66, 67], [78, 79], [79, 82], [83, 86], [105, 106], [105, 109], [106, 105], [129, 132], [135, 136], [135, 151], [153, 154], [153, 165], [165, 166], [165, 177], [184, 185], [184, 187], [188, 189], [188, 193], [194, 197], [206, 209], [212, 213], [212, 221], [235, 238], [241, 242], [241, 271], [242, 243]], "missing_branches": [[45, 46], [47, 50], [56, 57], [64, 68], [66, 64], [78, 91], [79, 80], [83, 84], [91, 92], [91, 94], [106, 107], [129, 130], [194, 195], [206, 207], [235, 236], [242, 248]], "functions": {"_is_dataframe_like": {"executed_lines": [40], "summary": {"covered_lines": 1, "num_statements": 1, "percent_covered": 100.0, "percent_covered_display": "100", "missing_lines": 0, "excluded_lines": 0, "percent_statements_covered": 100.0, "percent_statements_covered_display": "100", "num_branches": 0, "num_partial_branches": 0, "covered_branches": 0, "missing_branches": 0, "percent_branches_covered": 100.0, "percent_branches_covered_display": "100"}, "missing_lines": [], "excluded_lines": [], "start_line": 39, "executed_branches": [], "missing_branches": []}, "_iter_rows": {"executed_lines": [45, 47, 48, 54, 55, 56, 58, 60], "summary": {"covered_lines": 8, "num_statements": 11, "percent_covered": 68.42105263157895, "percent_covered_display": "68", "missing_lines": 3, "excluded_lines": 0, "percent_statements_covered": 72.72727272727273, "percent_statements_covered_display": "73", "num_branches": 8, "num_partial_branches": 3, "covered_branches": 5, "missing_branches": 3, "percent_branches_covered": 62.5, "percent_branches_covered_display": "62"}, "missing_lines": [46, 50, 57], "excluded_lines": [], "start_line": 43, "executed_branches": [[45, 47], [47, 48], [55, 56], [55, 60], [56, 58]], "missing_branches": [[45, 46], [47, 50], [56, 57]]}, "_find_string": {"executed_lines": [64, 65, 66, 67], "summary": {"covered_lines": 4, "num_statements": 5, "percent_covered": 66.66666666666667, "percent_covered_display": "67", "missing_lines": 1, "excluded_lines": 0, "percent_statements_covered": 80.0, "percent_statements_covered_display": "80", "num_branches": 4, "num_partial_branches": 2, "covered_branches": 2, "missing_branches": 2, "percent_branches_covered": 50.0, "percent_branches_covered_display": "50"}, "missing_lines": [68], "excluded_lines": [], "start_line": 63, "executed_branches": [[64, 65], [66, 67]], "missing_branches": [[64, 68], [66, 64]]}, "_find_numeric": {"executed_lines": [78, 79, 82, 83, 86, 87], "summary": {"covered_lines": 6, "num_statements": 13, "percent_covered": 42.857142857142854, "percent_covered_display": "43", "missing_lines": 7, "excluded_lines": 0, "percent_statements_covered": 46.15384615384615, "percent_statements_covered_display": "46", "num_branches": 8, "num_partial_branches": 3, "covered_branches": 3, "missing_branches": 5, "percent_branches_covered": 37.5, "percent_branches_covered_display": "38"}, "missing_lines": [80, 84, 88, 89, 91, 92, 94], "excluded_lines": [], "start_line": 71, "executed_branches": [[78, 79], [79, 82], [83, 86]], "missing_branches": [[78, 91], [79, 80], [83, 84], [91, 92], [91, 94]]}, "_to_dataframe_or_records": {"executed_lines": [98, 99, 103, 105, 106, 109], "summary": {"covered_lines": 6, "num_statements": 9, "percent_covered": 69.23076923076923, "percent_covered_display": "69", "missing_lines": 3, "excluded_lines": 0, "percent_statements_covered": 66.66666666666667, "percent_statements_covered_display": "67", "num_branches": 4, "num_partial_branches": 1, "covered_branches": 3, "missing_branches": 1, "percent_branches_covered": 75.0, "percent_branches_covered_display": "75"}, "missing_lines": [100, 101, 107], "excluded_lines": [], "start_line": 97, "executed_branches": [[105, 106], [105, 109], [106, 105]], "missing_branches": [[106, 107]]}, "_records_from_table": {"executed_lines": [113, 114], "summary": {"covered_lines": 2, "num_statements": 2, "percent_covered": 100.0, "percent_covered_display": "100", "missing_lines": 0, "excluded_lines": 0, "percent_statements_covered": 100.0, "percent_statements_covered_display": "100", "num_branches": 0, "num_partial_branches": 0, "covered_branches": 0, "missing_branches": 0, "percent_branches_covered": 100.0, "percent_branches_covered_display": "100"}, "missing_lines": [], "excluded_lines": [], "start_line": 112, "executed_branches": [], "missing_branches": []}, "compute_totals": {"executed_lines": [128, 129, 132, 133, 135, 136, 137, 138, 139, 146, 147, 148, 149, 151, 153, 154, 155, 165, 166, 167, 177], "summary": {"covered_lines": 21, "num_statements": 22, "percent_covered": 93.33333333333333, "percent_covered_display": "93", "missing_lines": 1, "excluded_lines": 0, "percent_statements_covered": 95.45454545454545, "percent_statements_covered_display": "95", "num_branches": 8, "num_partial_branches": 1, "covered_branches": 7, "missing_branches": 1, "percent_branches_covered": 87.5, "percent_branches_covered_display": "88"}, "missing_lines": [130], "excluded_lines": [], "start_line": 117, "executed_branches": [[129, 132], [135, 136], [135, 151], [153, 154], [153, 165], [165, 166], [165, 177]], "missing_branches": [[129, 130]]}, "compute_notional_breakdown": {"executed_lines": [183, 184, 185, 187, 188, 189, 190, 191, 193, 194, 197], "summary": {"covered_lines": 11, "num_statements": 12, "percent_covered": 88.88888888888889, "percent_covered_display": "89", "missing_lines": 1, "excluded_lines": 0, "percent_statements_covered": 91.66666666666667, "percent_statements_covered_display": "92", "num_branches": 6, "num_partial_branches": 1, "covered_branches": 5, "missing_branches": 1, "percent_branches_covered": 83.33333333333333, "percent_branches_covered_display": "83"}, "missing_lines": [195], "excluded_lines": [], "start_line": 180, "executed_branches": [[184, 185], [184, 187], [188, 189], [188, 193], [194, 197]], "missing_branches": [[194, 195]]}, "top_exposures": {"executed_lines": [206, 209, 210, 212, 213, 221, 229], "summary": {"covered_lines": 7, "num_statements": 8, "percent_covered": 83.33333333333333, "percent_covered_display": "83", "missing_lines": 1, "excluded_lines": 0, "percent_statements_covered": 87.5, "percent_statements_covered_display": "88", "num_branches": 4, "num_partial_branches": 1, "covered_branches": 3, "missing_branches": 1, "percent_branches_covered": 75.0, "percent_branches_covered_display": "75"}, "missing_lines": [207], "excluded_lines": [], "start_line": 203, "executed_branches": [[206, 209], [212, 213], [212, 221]], "missing_branches": [[206, 207]]}, "top_changes": {"executed_lines": [235, 238, 239, 241, 242, 243, 244, 257, 258, 260, 271, 279], "summary": {"covered_lines": 12, "num_statements": 18, "percent_covered": 66.66666666666667, "percent_covered_display": "67", "missing_lines": 6, "excluded_lines": 0, "percent_statements_covered": 66.66666666666667, "percent_statements_covered_display": "67", "num_branches": 6, "num_partial_branches": 2, "covered_branches": 4, "missing_branches": 2, "percent_branches_covered": 66.66666666666667, "percent_branches_covered_display": "67"}, "missing_lines": [236, 245, 246, 248, 249, 255], "excluded_lines": [], "start_line": 232, "executed_branches": [[235, 238], [241, 242], [241, 271], [242, 243]], "missing_branches": [[235, 236], [242, 248]]}, "": {"executed_lines": [3, 5, 6, 7, 9, 10, 11, 12, 20, 28, 29, 39, 43, 63, 71, 97, 112, 117, 180, 203, 232], "summary": {"covered_lines": 21, "num_statements": 21, "percent_covered": 100.0, "percent_covered_display": "100", "missing_lines": 0, "excluded_lines": 0, "percent_statements_covered": 100.0, "percent_statements_covered_display": "100", "num_branches": 0, "num_partial_branches": 0, "covered_branches": 0, "missing_branches": 0, "percent_branches_covered": 100.0, "percent_branches_covered_display": "100"}, "missing_lines": [], "excluded_lines": [], "start_line": 1, "executed_branches": [], "missing_branches": []}}, "classes": {"": {"executed_lines": [3, 5, 6, 7, 9, 10, 11, 12, 20, 28, 29, 39, 40, 43, 45, 47, 48, 54, 55, 56, 58, 60, 63, 64, 65, 66, 67, 71, 78, 79, 82, 83, 86, 87, 97, 98, 99, 103, 105, 106, 109, 112, 113, 114, 117, 128, 129, 132, 133, 135, 136, 137, 138, 139, 146, 147, 148, 149, 151, 153, 154, 155, 165, 166, 167, 177, 180, 183, 184, 185, 187, 188, 189, 190, 191, 193, 194, 197, 203, 206, 209, 210, 212, 213, 221, 229, 232, 235, 238, 239, 241, 242, 243, 244, 257, 258, 260, 271, 279], "summary": {"covered_lines": 99, "num_statements": 122, "percent_covered": 77.05882352941177, "percent_covered_display": "77", "missing_lines": 23, "excluded_lines": 0, "percent_statements_covered": 81.14754098360656, "percent_statements_covered_display": "81", "num_branches": 48, "num_partial_branches": 14, "covered_branches": 32, "missing_branches": 16, "percent_branches_covered": 66.66666666666667, "percent_branches_covered_display": "67"}, "missing_lines": [46, 50, 57, 68, 80, 84, 88, 89, 91, 92, 94, 100, 101, 107, 130, 195, 207, 236, 245, 246, 248, 249, 255], "excluded_lines": [], "start_line": 1, "executed_branches": [[45, 47], [47, 48], [55, 56], [55, 60], [56, 58], [64, 65], [66, 67], [78, 79], [79, 82], [83, 86], [105, 106], [105, 109], [106, 105], [129, 132], [135, 136], [135, 151], [153, 154], [153, 165], [165, 166], [165, 177], [184, 185], [184, 187], [188, 189], [188, 193], [194, 197], [206, 209], [212, 213], [212, 221], [235, 238], [241, 242], [241, 271], [242, 243]], "missing_branches": [[45, 46], [47, 50], [56, 57], [64, 68], [66, 64], [78, 91], [79, 80], [83, 84], [91, 92], [91, 94], [106, 107], [129, 130], [194, 195], [206, 207], [235, 236], [242, 248]]}}}, "src/counter_risk/config.py": {"executed_lines": [3, 5, 6, 7, 9, 10, 13, 21, 23, 24, 25, 26, 27, 28, 29, 30, 31, 32, 33, 34, 35, 38, 39, 40, 41, 42, 43, 44, 47, 50, 51, 52, 58, 59, 64, 65, 66, 67], "summary": {"covered_lines": 38, "num_statements": 43, "percent_covered": 87.23404255319149, "percent_covered_display": "87", "missing_lines": 5, "excluded_lines": 0, "percent_statements_covered": 88.37209302325581, "percent_statements_covered_display": "88", "num_branches": 4, "num_partial_branches": 1, "covered_branches": 3, "missing_branches": 1, "percent_branches_covered": 75.0, "percent_branches_covered_display": "75"}, "missing_lines": [53, 54, 55, 56, 60], "excluded_lines": [], "executed_branches": [[40, 41], [40, 44], [59, 64]], "missing_branches": [[59, 60]], "functions": {"_format_validation_error": {"executed_lines": [39, 40, 41, 42, 43, 44], "summary": {"covered_lines": 6, "num_statements": 6, "percent_covered": 100.0, "percent_covered_display": "100", "missing_lines": 0, "excluded_lines": 0, "percent_statements_covered": 100.0, "percent_statements_covered_display": "100", "num_branches": 2, "num_partial_branches": 0, "covered_branches": 2, "missing_branches": 0, "percent_branches_covered": 100.0, "percent_branches_covered_display": "100"}, "missing_lines": [], "excluded_lines": [], "start_line": 38, "executed_branches": [[40, 41], [40, 44]], "missing_branches": []}, "load_config": {"executed_lines": [50, 51, 52, 58, 59, 64, 65, 66, 67], "summary": {"covered_lines": 9, "num_statements": 14, "percent_covered": 62.5, "percent_covered_display": "62", "missing_lines": 5, "excluded_lines": 0, "percent_statements_covered": 64.28571428571429, "percent_statements_covered_display": "64", "num_branches": 2, "num_partial_branches": 1, "covered_branches": 1, "missing_branches": 1, "percent_branches_covered": 50.0, "percent_branches_covered_display": "50"}, "missing_lines": [53, 54, 55, 56, 60], "excluded_lines": [], "start_line": 47, "executed_branches": [[59, 64]], "missing_branches": [[59, 60]]}, "": {"executed_lines": [3, 5, 6, 7, 9, 10, 13, 21, 23, 24, 25, 26, 27, 28, 29, 30, 31, 32, 33, 34, 35, 38, 47], "summary": {"covered_lines": 23, "num_statements": 23, "percent_covered": 100.0, "percent_covered_display": "100", "missing_lines": 0, "excluded_lines": 0, "percent_statements_covered": 100.0, "percent_statements_covered_display": "100", "num_branches": 0, "num_partial_branches": 0, "covered_branches": 0, "missing_branches": 0, "percent_branches_covered": 100.0, "percent_branches_covered_display": "100"}, "missing_lines": [], "excluded_lines": [], "start_line": 1, "executed_branches": [], "missing_branches": []}}, "classes": {"WorkflowConfig": {"executed_lines": [], "summary": {"covered_lines": 0, "num_statements": 0, "percent_covered": 100.0, "percent_covered_display": "100", "missing_lines": 0, "excluded_lines": 0, "percent_statements_covered": 100.0, "percent_statements_covered_display": "100", "num_branches": 0, "num_partial_branches": 0, "covered_branches": 0, "missing_branches": 0, "percent_branches_covered": 100.0, "percent_branches_covered_display": "100"}, "missing_lines": [], "excluded_lines": [], "start_line": 13, "executed_branches": [], "missing_branches": []}, "": {"executed_lines": [3, 5, 6, 7, 9, 10, 13, 21, 23, 24, 25, 26, 27, 28, 29, 30, 31, 32, 33, 34, 35, 38, 39, 40, 41, 42, 43, 44, 47, 50, 51, 52, 58, 59, 64, 65, 66, 67], "summary": {"covered_lines": 38, "num_statements": 43, "percent_covered": 87.23404255319149, "percent_covered_display": "87", "missing_lines": 5, "excluded_lines": 0, "percent_statements_covered": 88.37209302325581, "percent_statements_covered_display": "88", "num_branches": 4, "num_partial_branches": 1, "covered_branches": 3, "missing_branches": 1, "percent_branches_covered": 75.0, "percent_branches_covered_display": "75"}, "missing_lines": [53, 54, 55, 56, 60], "excluded_lines": [], "start_line": 1, "executed_branches": [[40, 41], [40, 44], [59, 64]], "missing_branches": [[59, 60]]}}}, "src/counter_risk/integrations/__init__.py": {"executed_lines": [3, 14], "summary": {"covered_lines": 2, "num_statements": 2, "percent_covered": 100.0, "percent_covered_display": "100", "missing_lines": 0, "excluded_lines": 0, "percent_statements_covered": 100.0, "percent_statements_covered_display": "100", "num_branches": 0, "num_partial_branches": 0, "covered_branches": 0, "missing_branches": 0, "percent_branches_covered": 100.0, "percent_branches_covered_display": "100"}, "missing_lines": [], "excluded_lines": [], "executed_branches": [], "missing_branches": [], "functions": {"": {"executed_lines": [3, 14], "summary": {"covered_lines": 2, "num_statements": 2, "percent_covered": 100.0, "percent_covered_display": "100", "missing_lines": 0, "excluded_lines": 0, "percent_statements_covered": 100.0, "percent_statements_covered_display": "100", "num_branches": 0, "num_partial_branches": 0, "covered_branches": 0, "missing_branches": 0, "percent_branches_covered": 100.0, "percent_branches_covered_display": "100"}, "missing_lines": [], "excluded_lines": [], "start_line": 1, "executed_branches": [], "missing_branches": []}}, "classes": {"": {"executed_lines": [3, 14], "summary": {"covered_lines": 2, "num_statements": 2, "percent_covered": 100.0, "percent_covered_display": "100", "missing_lines": 0, "excluded_lines": 0, "percent_statements_covered": 100.0, "percent_statements_covered_display": "100", "num_branches": 0, "num_partial_branches": 0, "covered_branches": 0, "missing_branches": 0, "percent_branches_covered": 100.0, "percent_branches_covered_display": "100"}, "missing_lines": [], "excluded_lines": [], "start_line": 1, "executed_branches": [], "missing_branches": []}}}, "src/counter_risk/integrations/powerpoint_com.py": {"executed_lines": [3, 5, 6, 7, 8, 9, 10, 13, 17, 21, 25, 28, 29, 30, 32, 35, 36, 39, 40, 41, 42, 44, 46, 47, 53, 56, 57, 58, 59, 60, 61, 64, 67, 68, 69, 70, 73, 76, 77, 80, 81, 84, 91, 92, 93, 116, 119, 122, 123, 127, 128, 132, 133, 139, 142, 150, 152, 153, 154, 155, 159, 162, 170, 171, 174, 175, 176, 177, 178, 179, 180, 181, 183, 184, 185, 186, 187, 189, 190, 191, 192, 193, 195, 198, 211, 212, 215, 220, 222, 223, 224, 225, 226, 227, 233, 235, 236, 237, 238, 239, 241, 242, 244, 245, 247, 249, 250, 251, 252, 253, 255, 258, 261, 262, 263, 264, 267, 268, 270, 273], "summary": {"covered_lines": 120, "num_statements": 130, "percent_covered": 88.75, "percent_covered_display": "89", "missing_lines": 10, "excluded_lines": 0, "percent_statements_covered": 92.3076923076923, "percent_statements_covered_display": "92", "num_branches": 30, "num_partial_branches": 8, "covered_branches": 22, "missing_branches": 8, "percent_branches_covered": 73.33333333333333, "percent_branches_covered_display": "73"}, "missing_lines": [31, 43, 45, 48, 49, 50, 134, 135, 172, 213], "excluded_lines": [], "executed_branches": [[30, 32], [42, 44], [44, 46], [57, 58], [57, 61], [68, 69], [68, 70], [122, 123], [122, 127], [127, 128], [127, 132], [171, 174], [183, 184], [183, 189], [186, 183], [186, 187], [189, 190], [212, 215], [225, 226], [244, 245], [244, 247], [249, 250]], "missing_branches": [[30, 31], [42, 43], [44, 45], [171, 172], [189, 192], [212, 213], [225, 227], [249, 252]], "functions": {"_as_path": {"executed_lines": [29, 30, 32], "summary": {"covered_lines": 3, "num_statements": 4, "percent_covered": 66.66666666666667, "percent_covered_display": "67", "missing_lines": 1, "excluded_lines": 0, "percent_statements_covered": 75.0, "percent_statements_covered_display": "75", "num_branches": 2, "num_partial_branches": 1, "covered_branches": 1, "missing_branches": 1, "percent_branches_covered": 50.0, "percent_branches_covered_display": "50"}, "missing_lines": [31], "excluded_lines": [], "start_line": 28, "executed_branches": [[30, 32]], "missing_branches": [[30, 31]]}, "_default_output_path": {"executed_lines": [36], "summary": {"covered_lines": 1, "num_statements": 1, "percent_covered": 100.0, "percent_covered_display": "100", "missing_lines": 0, "excluded_lines": 0, "percent_statements_covered": 100.0, "percent_statements_covered_display": "100", "num_branches": 0, "num_partial_branches": 0, "covered_branches": 0, "missing_branches": 0, "percent_branches_covered": 100.0, "percent_branches_covered_display": "100"}, "missing_lines": [], "excluded_lines": [], "start_line": 35, "executed_branches": [], "missing_branches": []}, "_extract_link_sources": {"executed_lines": [40, 41, 42, 44, 46, 47], "summary": {"covered_lines": 6, "num_statements": 11, "percent_covered": 53.333333333333336, "percent_covered_display": "53", "missing_lines": 5, "excluded_lines": 0, "percent_statements_covered": 54.54545454545455, "percent_statements_covered_display": "55", "num_branches": 4, "num_partial_branches": 2, "covered_branches": 2, "missing_branches": 2, "percent_branches_covered": 50.0, "percent_branches_covered_display": "50"}, "missing_lines": [43, 45, 48, 49, 50], "excluded_lines": [], "start_line": 39, "executed_branches": [[42, 44], [44, 46]], "missing_branches": [[42, 43], [44, 45]]}, "_iter_shapes": {"executed_lines": [56, 57, 58, 59, 60, 61], "summary": {"covered_lines": 6, "num_statements": 6, "percent_covered": 100.0, "percent_covered_display": "100", "missing_lines": 0, "excluded_lines": 0, "percent_statements_covered": 100.0, "percent_statements_covered_display": "100", "num_branches": 2, "num_partial_branches": 0, "covered_branches": 2, "missing_branches": 0, "percent_branches_covered": 100.0, "percent_branches_covered_display": "100"}, "missing_lines": [], "excluded_lines": [], "start_line": 53, "executed_branches": [[57, 58], [57, 61]], "missing_branches": []}, "_iter_linked_shapes": {"executed_lines": [67, 68, 69, 70], "summary": {"covered_lines": 4, "num_statements": 4, "percent_covered": 100.0, "percent_covered_display": "100", "missing_lines": 0, "excluded_lines": 0, "percent_statements_covered": 100.0, "percent_statements_covered_display": "100", "num_branches": 2, "num_partial_branches": 0, "covered_branches": 2, "missing_branches": 0, "percent_branches_covered": 100.0, "percent_branches_covered_display": "100"}, "missing_lines": [], "excluded_lines": [], "start_line": 64, "executed_branches": [[68, 69], [68, 70]], "missing_branches": []}, "_update_shape_links": {"executed_lines": [76, 77, 80, 81], "summary": {"covered_lines": 4, "num_statements": 4, "percent_covered": 100.0, "percent_covered_display": "100", "missing_lines": 0, "excluded_lines": 0, "percent_statements_covered": 100.0, "percent_statements_covered_display": "100", "num_branches": 0, "num_partial_branches": 0, "covered_branches": 0, "missing_branches": 0, "percent_branches_covered": 100.0, "percent_branches_covered_display": "100"}, "missing_lines": [], "excluded_lines": [], "start_line": 73, "executed_branches": [], "missing_branches": []}, "_write_manual_refresh_instructions": {"executed_lines": [91, 92, 93, 116], "summary": {"covered_lines": 4, "num_statements": 4, "percent_covered": 100.0, "percent_covered_display": "100", "missing_lines": 0, "excluded_lines": 0, "percent_statements_covered": 100.0, "percent_statements_covered_display": "100", "num_branches": 0, "num_partial_branches": 0, "covered_branches": 0, "missing_branches": 0, "percent_branches_covered": 100.0, "percent_branches_covered_display": "100"}, "missing_lines": [], "excluded_lines": [], "start_line": 84, "executed_branches": [], "missing_branches": []}, "_load_dispatch_ex": {"executed_lines": [122, 123, 127, 128, 132, 133, 139], "summary": {"covered_lines": 7, "num_statements": 9, "percent_covered": 84.61538461538461, "percent_covered_display": "85", "missing_lines": 2, "excluded_lines": 0, "percent_statements_covered": 77.77777777777777, "percent_statements_covered_display": "78", "num_branches": 4, "num_partial_branches": 0, "covered_branches": 4, "missing_branches": 0, "percent_branches_covered": 100.0, "percent_branches_covered_display": "100"}, "missing_lines": [134, 135], "excluded_lines": [], "start_line": 119, "executed_branches": [[122, 123], [122, 127], [127, 128], [127, 132]], "missing_branches": []}, "initialize_powerpoint_application": {"executed_lines": [150, 152, 153, 154, 155, 159], "summary": {"covered_lines": 6, "num_statements": 6, "percent_covered": 100.0, "percent_covered_display": "100", "missing_lines": 0, "excluded_lines": 0, "percent_statements_covered": 100.0, "percent_statements_covered_display": "100", "num_branches": 0, "num_partial_branches": 0, "covered_branches": 0, "missing_branches": 0, "percent_branches_covered": 100.0, "percent_branches_covered_display": "100"}, "missing_lines": [], "excluded_lines": [], "start_line": 142, "executed_branches": [], "missing_branches": []}, "list_external_link_targets": {"executed_lines": [170, 171, 174, 175, 176, 177, 178, 179, 180, 181, 183, 184, 185, 186, 187, 189, 190, 191, 192, 193, 195], "summary": {"covered_lines": 21, "num_statements": 22, "percent_covered": 90.0, "percent_covered_display": "90", "missing_lines": 1, "excluded_lines": 0, "percent_statements_covered": 95.45454545454545, "percent_statements_covered_display": "95", "num_branches": 8, "num_partial_branches": 2, "covered_branches": 6, "missing_branches": 2, "percent_branches_covered": 75.0, "percent_branches_covered_display": "75"}, "missing_lines": [172], "excluded_lines": [], "start_line": 162, "executed_branches": [[171, 174], [183, 184], [183, 189], [186, 183], [186, 187], [189, 190]], "missing_branches": [[171, 172], [189, 192]]}, "refresh_links_and_save": {"executed_lines": [211, 212, 215, 220, 222, 223, 224, 225, 226, 227, 233, 235, 236, 237, 238, 239, 241, 242, 244, 245, 247, 249, 250, 251, 252, 253, 255], "summary": {"covered_lines": 27, "num_statements": 28, "percent_covered": 88.88888888888889, "percent_covered_display": "89", "missing_lines": 1, "excluded_lines": 0, "percent_statements_covered": 96.42857142857143, "percent_statements_covered_display": "96", "num_branches": 8, "num_partial_branches": 3, "covered_branches": 5, "missing_branches": 3, "percent_branches_covered": 62.5, "percent_branches_covered_display": "62"}, "missing_lines": [213], "excluded_lines": [], "start_line": 198, "executed_branches": [[212, 215], [225, 226], [244, 245], [244, 247], [249, 250]], "missing_branches": [[212, 213], [225, 227], [249, 252]]}, "is_powerpoint_com_available": {"executed_lines": [261, 262, 263, 264, 267, 268, 270], "summary": {"covered_lines": 7, "num_statements": 7, "percent_covered": 100.0, "percent_covered_display": "100", "missing_lines": 0, "excluded_lines": 0, "percent_statements_covered": 100.0, "percent_statements_covered_display": "100", "num_branches": 0, "num_partial_branches": 0, "covered_branches": 0, "missing_branches": 0, "percent_branches_covered": 100.0, "percent_branches_covered_display": "100"}, "missing_lines": [], "excluded_lines": [], "start_line": 258, "executed_branches": [], "missing_branches": []}, "": {"executed_lines": [3, 5, 6, 7, 8, 9, 10, 13, 17, 21, 25, 28, 35, 39, 53, 64, 73, 84, 119, 142, 162, 198, 258, 273], "summary": {"covered_lines": 24, "num_statements": 24, "percent_covered": 100.0, "percent_covered_display": "100", "missing_lines": 0, "excluded_lines": 0, "percent_statements_covered": 100.0, "percent_statements_covered_display": "100", "num_branches": 0, "num_partial_branches": 0, "covered_branches": 0, "missing_branches": 0, "percent_branches_covered": 100.0, "percent_branches_covered_display": "100"}, "missing_lines": [], "excluded_lines": [], "start_line": 1, "executed_branches": [], "missing_branches": []}}, "classes": {"PowerPointComError": {"executed_lines": [], "summary": {"covered_lines": 0, "num_statements": 0, "percent_covered": 100.0, "percent_covered_display": "100", "missing_lines": 0, "excluded_lines": 0, "percent_statements_covered": 100.0, "percent_statements_covered_display": "100", "num_branches": 0, "num_partial_branches": 0, "covered_branches": 0, "missing_branches": 0, "percent_branches_covered": 100.0, "percent_branches_covered_display": "100"}, "missing_lines": [], "excluded_lines": [], "start_line": 13, "executed_branches": [], "missing_branches": []}, "PowerPointComUnavailableError": {"executed_lines": [], "summary": {"covered_lines": 0, "num_statements": 0, "percent_covered": 100.0, "percent_covered_display": "100", "missing_lines": 0, "excluded_lines": 0, "percent_statements_covered": 100.0, "percent_statements_covered_display": "100", "num_branches": 0, "num_partial_branches": 0, "covered_branches": 0, "missing_branches": 0, "percent_branches_covered": 100.0, "percent_branches_covered_display": "100"}, "missing_lines": [], "excluded_lines": [], "start_line": 17, "executed_branches": [], "missing_branches": []}, "PowerPointComInitializationError": {"executed_lines": [], "summary": {"covered_lines": 0, "num_statements": 0, "percent_covered": 100.0, "percent_covered_display": "100", "missing_lines": 0, "excluded_lines": 0, "percent_statements_covered": 100.0, "percent_statements_covered_display": "100", "num_branches": 0, "num_partial_branches": 0, "covered_branches": 0, "missing_branches": 0, "percent_branches_covered": 100.0, "percent_branches_covered_display": "100"}, "missing_lines": [], "excluded_lines": [], "start_line": 21, "executed_branches": [], "missing_branches": []}, "": {"executed_lines": [3, 5, 6, 7, 8, 9, 10, 13, 17, 21, 25, 28, 29, 30, 32, 35, 36, 39, 40, 41, 42, 44, 46, 47, 53, 56, 57, 58, 59, 60, 61, 64, 67, 68, 69, 70, 73, 76, 77, 80, 81, 84, 91, 92, 93, 116, 119, 122, 123, 127, 128, 132, 133, 139, 142, 150, 152, 153, 154, 155, 159, 162, 170, 171, 174, 175, 176, 177, 178, 179, 180, 181, 183, 184, 185, 186, 187, 189, 190, 191, 192, 193, 195, 198, 211, 212, 215, 220, 222, 223, 224, 225, 226, 227, 233, 235, 236, 237, 238, 239, 241, 242, 244, 245, 247, 249, 250, 251, 252, 253, 255, 258, 261, 262, 263, 264, 267, 268, 270, 273], "summary": {"covered_lines": 120, "num_statements": 130, "percent_covered": 88.75, "percent_covered_display": "89", "missing_lines": 10, "excluded_lines": 0, "percent_statements_covered": 92.3076923076923, "percent_statements_covered_display": "92", "num_branches": 30, "num_partial_branches": 8, "covered_branches": 22, "missing_branches": 8, "percent_branches_covered": 73.33333333333333, "percent_branches_covered_display": "73"}, "missing_lines": [31, 43, 45, 48, 49, 50, 134, 135, 172, 213], "excluded_lines": [], "start_line": 1, "executed_branches": [[30, 32], [42, 44], [44, 46], [57, 58], [57, 61], [68, 69], [68, 70], [122, 123], [122, 127], [127, 128], [127, 132], [171, 174], [183, 184], [183, 189], [186, 183], [186, 187], [189, 190], [212, 215], [225, 226], [244, 245], [244, 247], [249, 250]], "missing_branches": [[30, 31], [42, 43], [44, 45], [171, 172], [189, 192], [212, 213], [225, 227], [249, 252]]}}}, "src/counter_risk/logging.py": {"executed_lines": [3, 5, 6, 7, 8, 9, 12, 15, 16, 22, 23, 24, 27, 28, 29, 30, 31, 32, 33, 34, 35, 38, 46, 47, 48, 50, 52, 57, 58, 59, 60, 61, 62, 64], "summary": {"covered_lines": 34, "num_statements": 37, "percent_covered": 89.36170212765957, "percent_covered_display": "89", "missing_lines": 3, "excluded_lines": 0, "percent_statements_covered": 91.89189189189189, "percent_statements_covered_display": "92", "num_branches": 10, "num_partial_branches": 2, "covered_branches": 8, "missing_branches": 2, "percent_branches_covered": 80.0, "percent_branches_covered_display": "80"}, "missing_lines": [53, 54, 55], "excluded_lines": [], "executed_branches": [[22, 23], [22, 24], [28, 29], [28, 30], [32, 33], [32, 34], [52, 57], [57, 58]], "missing_branches": [[52, 53], [57, 64]], "functions": {"JsonFormatter.format": {"executed_lines": [16, 22, 23, 24], "summary": {"covered_lines": 4, "num_statements": 4, "percent_covered": 100.0, "percent_covered_display": "100", "missing_lines": 0, "excluded_lines": 0, "percent_statements_covered": 100.0, "percent_statements_covered_display": "100", "num_branches": 2, "num_partial_branches": 0, "covered_branches": 2, "missing_branches": 0, "percent_branches_covered": 100.0, "percent_branches_covered_display": "100"}, "missing_lines": [], "excluded_lines": [], "start_line": 15, "executed_branches": [[22, 23], [22, 24]], "missing_branches": []}, "_resolve_level": {"executed_lines": [28, 29, 30, 31, 32, 33, 34, 35], "summary": {"covered_lines": 8, "num_statements": 8, "percent_covered": 100.0, "percent_covered_display": "100", "missing_lines": 0, "excluded_lines": 0, "percent_statements_covered": 100.0, "percent_statements_covered_display": "100", "num_branches": 4, "num_partial_branches": 0, "covered_branches": 4, "missing_branches": 0, "percent_branches_covered": 100.0, "percent_branches_covered_display": "100"}, "missing_lines": [], "excluded_lines": [], "start_line": 27, "executed_branches": [[28, 29], [28, 30], [32, 33], [32, 34]], "missing_branches": []}, "configure_logging": {"executed_lines": [46, 47, 48, 50, 52, 57, 58, 59, 60, 61, 62, 64], "summary": {"covered_lines": 12, "num_statements": 15, "percent_covered": 73.6842105263158, "percent_covered_display": "74", "missing_lines": 3, "excluded_lines": 0, "percent_statements_covered": 80.0, "percent_statements_covered_display": "80", "num_branches": 4, "num_partial_branches": 2, "covered_branches": 2, "missing_branches": 2, "percent_branches_covered": 50.0, "percent_branches_covered_display": "50"}, "missing_lines": [53, 54, 55], "excluded_lines": [], "start_line": 38, "executed_branches": [[52, 57], [57, 58]], "missing_branches": [[52, 53], [57, 64]]}, "": {"executed_lines": [3, 5, 6, 7, 8, 9, 12, 15, 27, 38], "summary": {"covered_lines": 10, "num_statements": 10, "percent_covered": 100.0, "percent_covered_display": "100", "missing_lines": 0, "excluded_lines": 0, "percent_statements_covered": 100.0, "percent_statements_covered_display": "100", "num_branches": 0, "num_partial_branches": 0, "covered_branches": 0, "missing_branches": 0, "percent_branches_covered": 100.0, "percent_branches_covered_display": "100"}, "missing_lines": [], "excluded_lines": [], "start_line": 1, "executed_branches": [], "missing_branches": []}}, "classes": {"JsonFormatter": {"executed_lines": [16, 22, 23, 24], "summary": {"covered_lines": 4, "num_statements": 4, "percent_covered": 100.0, "percent_covered_display": "100", "missing_lines": 0, "excluded_lines": 0, "percent_statements_covered": 100.0, "percent_statements_covered_display": "100", "num_branches": 2, "num_partial_branches": 0, "covered_branches": 2, "missing_branches": 0, "percent_branches_covered": 100.0, "percent_branches_covered_display": "100"}, "missing_lines": [], "excluded_lines": [], "start_line": 12, "executed_branches": [[22, 23], [22, 24]], "missing_branches": []}, "": {"executed_lines": [3, 5, 6, 7, 8, 9, 12, 15, 27, 28, 29, 30, 31, 32, 33, 34, 35, 38, 46, 47, 48, 50, 52, 57, 58, 59, 60, 61, 62, 64], "summary": {"covered_lines": 30, "num_statements": 33, "percent_covered": 87.8048780487805, "percent_covered_display": "88", "missing_lines": 3, "excluded_lines": 0, "percent_statements_covered": 90.9090909090909, "percent_statements_covered_display": "91", "num_branches": 8, "num_partial_branches": 2, "covered_branches": 6, "missing_branches": 2, "percent_branches_covered": 75.0, "percent_branches_covered_display": "75"}, "missing_lines": [53, 54, 55], "excluded_lines": [], "start_line": 1, "executed_branches": [[28, 29], [28, 30], [32, 33], [32, 34], [52, 57], [57, 58]], "missing_branches": [[52, 53], [57, 64]]}}}, "src/counter_risk/mosers/__init__.py": {"executed_lines": [3, 8, 14], "summary": {"covered_lines": 3, "num_statements": 3, "percent_covered": 100.0, "percent_covered_display": "100", "missing_lines": 0, "excluded_lines": 0, "percent_statements_covered": 100.0, "percent_statements_covered_display": "100", "num_branches": 0, "num_partial_branches": 0, "covered_branches": 0, "missing_branches": 0, "percent_branches_covered": 100.0, "percent_branches_covered_display": "100"}, "missing_lines": [], "excluded_lines": [], "executed_branches": [], "missing_branches": [], "functions": {
[...]
95], [296, 301], [306, 311], [309, 306], [321, 322], [332, 333], [336, 337], [340, 341]]}}}, "src/counter_risk/writers/mosers_workbook.py": {"executed_lines": [3, 5, 6, 7, 9, 12, 15, 20, 21, 23, 26, 34, 42, 50, 58, 66, 74, 81, 82, 85, 86, 87, 88, 89, 90], "summary": {"covered_lines": 25, "num_statements": 26, "percent_covered": 87.5, "percent_covered_display": "88", "missing_lines": 1, "excluded_lines": 0, "percent_statements_covered": 96.15384615384616, "percent_statements_covered_display": "96", "num_branches": 6, "num_partial_branches": 3, "covered_branches": 3, "missing_branches": 3, "percent_branches_covered": 50.0, "percent_branches_covered_display": "50"}, "missing_lines": [83], "excluded_lines": [], "executed_branches": [[21, 23], [23, -20], [82, 85]], "missing_branches": [[21, -21], [23, -23], [82, 83]], "functions": {"_WorkbookLike.save": {"executed_lines": [21], "summary": {"covered_lines": 1, "num_statements": 1, "percent_covered": 66.66666666666667, "percent_covered_display": "67", "missing_lines": 0, "excluded_lines": 0, "percent_statements_covered": 100.0, "percent_statements_covered_display": "100", "num_branches": 2, "num_partial_branches": 1, "covered_branches": 1, "missing_branches": 1, "percent_branches_covered": 50.0, "percent_branches_covered_display": "50"}, "missing_lines": [], "excluded_lines": [], "start_line": 21, "executed_branches": [[21, 23]], "missing_branches": [[21, -21]]}, "_WorkbookLike.close": {"executed_lines": [23], "summary": {"covered_lines": 1, "num_statements": 1, "percent_covered": 66.66666666666667, "percent_covered_display": "67", "missing_lines": 0, "excluded_lines": 0, "percent_statements_covered": 100.0, "percent_statements_covered_display": "100", "num_branches": 2, "num_partial_branches": 1, "covered_branches": 1, "missing_branches": 1, "percent_branches_covered": 50.0, "percent_branches_covered_display": "50"}, "missing_lines": [], "excluded_lines": [], "start_line": 23, "executed_branches": [[23, -20]], "missing_branches": [[23, -23]]}, "generate_mosers_workbook": {"executed_lines": [34], "summary": {"covered_lines": 1, "num_statements": 1, "percent_covered": 100.0, "percent_covered_display": "100", "missing_lines": 0, "excluded_lines": 0, "percent_statements_covered": 100.0, "percent_statements_covered_display": "100", "num_branches": 0, "num_partial_branches": 0, "covered_branches": 0, "missing_branches": 0, "percent_branches_covered": 100.0, "percent_branches_covered_display": "100"}, "missing_lines": [], "excluded_lines": [], "start_line": 26, "executed_branches": [], "missing_branches": []}, "generate_mosers_workbook_ex_trend": {"executed_lines": [50], "summary": {"covered_lines": 1, "num_statements": 1, "percent_covered": 100.0, "percent_covered_display": "100", "missing_lines": 0, "excluded_lines": 0, "percent_statements_covered": 100.0, "percent_statements_covered_display": "100", "num_branches": 0, "num_partial_branches": 0, "covered_branches": 0, "missing_branches": 0, "percent_branches_covered": 100.0, "percent_branches_covered_display": "100"}, "missing_lines": [], "excluded_lines": [], "start_line": 42, "executed_branches": [], "missing_branches": []}, "generate_mosers_workbook_trend": {"executed_lines": [66], "summary": {"covered_lines": 1, "num_statements": 1, "percent_covered": 100.0, "percent_covered_display": "100", "missing_lines": 0, "excluded_lines": 0, "percent_statements_covered": 100.0, "percent_statements_covered_display": "100", "num_branches": 0, "num_partial_branches": 0, "covered_branches": 0, "missing_branches": 0, "percent_branches_covered": 100.0, "percent_branches_covered_display": "100"}, "missing_lines": [], "excluded_lines": [], "start_line": 58, "executed_branches": [], "missing_branches": []}, "_generate_and_save_mosers_workbook": {"executed_lines": [81, 82, 85, 86, 87, 88, 89, 90], "summary": {"covered_lines": 8, "num_statements": 9, "percent_covered": 81.81818181818181, "percent_covered_display": "82", "missing_lines": 1, "excluded_lines": 0, "percent_statements_covered": 88.88888888888889, "percent_statements_covered_display": "89", "num_branches": 2, "num_partial_branches": 1, "covered_branches": 1, "missing_branches": 1, "percent_branches_covered": 50.0, "percent_branches_covered_display": "50"}, "missing_lines": [83], "excluded_lines": [], "start_line": 74, "executed_branches": [[82, 85]], "missing_branches": [[82, 83]]}, "": {"executed_lines": [3, 5, 6, 7, 9, 12, 15, 20, 26, 42, 58, 74], "summary": {"covered_lines": 12, "num_statements": 12, "percent_covered": 100.0, "percent_covered_display": "100", "missing_lines": 0, "excluded_lines": 0, "percent_statements_covered": 100.0, "percent_statements_covered_display": "100", "num_branches": 0, "num_partial_branches": 0, "covered_branches": 0, "missing_branches": 0, "percent_branches_covered": 100.0, "percent_branches_covered_display": "100"}, "missing_lines": [], "excluded_lines": [], "start_line": 1, "executed_branches": [], "missing_branches": []}}, "classes": {"_WorkbookLike": {"executed_lines": [21, 23], "summary": {"covered_lines": 2, "num_statements": 2, "percent_covered": 66.66666666666667, "percent_covered_display": "67", "missing_lines": 0, "excluded_lines": 0, "percent_statements_covered": 100.0, "percent_statements_covered_display": "100", "num_branches": 4, "num_partial_branches": 2, "covered_branches": 2, "missing_branches": 2, "percent_branches_covered": 50.0, "percent_branches_covered_display": "50"}, "missing_lines": [], "excluded_lines": [], "start_line": 20, "executed_branches": [[21, 23], [23, -20]], "missing_branches": [[21, -21], [23, -23]]}, "": {"executed_lines": [3, 5, 6, 7, 9, 12, 15, 20, 26, 34, 42, 50, 58, 66, 74, 81, 82, 85, 86, 87, 88, 89, 90], "summary": {"covered_lines": 23, "num_statements": 24, "percent_covered": 92.3076923076923, "percent_covered_display": "92", "missing_lines": 1, "excluded_lines": 0, "percent_statements_covered": 95.83333333333333, "percent_statements_covered_display": "96", "num_branches": 2, "num_partial_branches": 1, "covered_branches": 1, "missing_branches": 1, "percent_branches_covered": 50.0, "percent_branches_covered_display": "50"}, "missing_lines": [83], "excluded_lines": [], "start_line": 1, "executed_branches": [[82, 85]], "missing_branches": [[82, 83]]}}}, "src/counter_risk/writers/pptx_screenshots.py": {"executed_lines": [3, 5, 6, 8, 9, 10, 11, 13, 19, 26, 27, 30, 31, 32, 34, 35, 37, 38, 39, 43, 44, 47, 48, 51, 52, 53, 54, 55, 56, 59, 60, 61, 62, 63, 66, 67, 68, 71, 72, 75, 76, 79, 80, 81, 83, 86, 93, 94, 95, 96, 99, 100, 102, 103, 106, 118, 119, 120, 123, 124, 125, 127, 130, 131, 133, 134, 135, 138, 139, 140, 141, 142, 144, 145, 147, 148, 151, 152, 153, 154, 155, 157, 162, 164, 165, 166, 168, 169], "summary": {"covered_lines": 88, "num_statements": 100, "percent_covered": 82.89473684210526, "percent_covered_display": "83", "missing_lines": 12, "excluded_lines": 0, "percent_statements_covered": 88.0, "percent_statements_covered_display": "88", "num_branches": 52, "num_partial_branches": 14, "covered_branches": 38, "missing_branches": 14, "percent_branches_covered": 73.07692307692308, "percent_branches_covered_display": "73"}, "missing_lines": [33, 36, 40, 69, 73, 82, 97, 121, 128, 136, 149, 158], "excluded_lines": [], "executed_branches": [[31, 32], [32, 34], [35, 37], [38, 39], [53, 54], [53, 56], [54, 53], [54, 55], [60, 61], [60, 63], [61, 60], [61, 62], [68, 71], [72, 75], [81, 83], [96, 99], [102, 103], [120, 123], [124, 125], [124, 127], [127, 130], [133, 134], [133, 164], [135, 138], [139, 140], [139, 144], [140, 139], [140, 141], [144, 145], [144, 147], [148, 151], [151, 152], [151, 153], [154, 155], [154, 157], [157, 162], [165, 166], [165, 168]], "missing_branches": [[31, 40], [32, 33], [35, 36], [38, 31], [68, 69], [72, 73], [81, 82], [96, 97], [102, -86], [120, 121], [127, 128], [135, 136], [148, 149], [157, 158]], "functions": {"_normalize_key": {"executed_lines": [27], "summary": {"covered_lines": 1, "num_statements": 1, "percent_covered": 100.0, "percent_covered_display": "100", "missing_lines": 0, "excluded_lines": 0, "percent_statements_covered": 100.0, "percent_statements_covered_display": "100", "num_branches": 0, "num_partial_branches": 0, "covered_branches": 0, "missing_branches": 0, "percent_branches_covered": 100.0, "percent_branches_covered_display": "100"}, "missing_lines": [], "excluded_lines": [], "start_line": 26, "executed_branches": [], "missing_branches": []}, "_slide_title": {"executed_lines": [31, 32, 34, 35, 37, 38, 39], "summary": {"covered_lines": 7, "num_statements": 10, "percent_covered": 61.111111111111114, "percent_covered_display": "61", "missing_lines": 3, "excluded_lines": 0, "percent_statements_covered": 70.0, "percent_statements_covered_display": "70", "num_branches": 8, "num_partial_branches": 4, "covered_branches": 4, "missing_branches": 4, "percent_branches_covered": 50.0, "percent_branches_covered_display": "50"}, "missing_lines": [33, 36, 40], "excluded_lines": [], "start_line": 30, "executed_branches": [[31, 32], [32, 34], [35, 37], [38, 39]], "missing_branches": [[31, 40], [32, 33], [35, 36], [38, 31]]}, "_picture_shapes": {"executed_lines": [44], "summary": {"covered_lines": 1, "num_statements": 1, "percent_covered": 100.0, "percent_covered_display": "100", "missing_lines": 0, "excluded_lines": 0, "percent_statements_covered": 100.0, "percent_statements_covered_display": "100", "num_branches": 0, "num_partial_branches": 0, "covered_branches": 0, "missing_branches": 0, "percent_branches_covered": 100.0, "percent_branches_covered_display": "100"}, "missing_lines": [], "excluded_lines": [], "start_line": 43, "executed_branches": [], "missing_branches": []}, "_picture_geometry": {"executed_lines": [48], "summary": {"covered_lines": 1, "num_statements": 1, "percent_covered": 100.0, "percent_covered_display": "100", "missing_lines": 0, "excluded_lines": 0, "percent_statements_covered": 100.0, "percent_statements_covered_display": "100", "num_branches": 0, "num_partial_branches": 0, "covered_branches": 0, "missing_branches": 0, "percent_branches_covered": 100.0, "percent_branches_covered_display": "100"}, "missing_lines": [], "excluded_lines": [], "start_line": 47, "executed_branches": [], "missing_branches": []}, "_canonical_section_key": {"executed_lines": [52, 53, 54, 55, 56], "summary": {"covered_lines": 5, "num_statements": 5, "percent_covered": 100.0, "percent_covered_display": "100", "missing_lines": 0, "excluded_lines": 0, "percent_statements_covered": 100.0, "percent_statements_covered_display": "100", "num_branches": 4, "num_partial_branches": 0, "covered_branches": 4, "missing_branches": 0, "percent_branches_covered": 100.0, "percent_branches_covered_display": "100"}, "missing_lines": [], "excluded_lines": [], "start_line": 51, "executed_branches": [[53, 54], [53, 56], [54, 53], [54, 55]], "missing_branches": []}, "_section_matches_title": {"executed_lines": [60, 61, 62, 63], "summary": {"covered_lines": 4, "num_statements": 4, "percent_covered": 100.0, "percent_covered_display": "100", "missing_lines": 0, "excluded_lines": 0, "percent_statements_covered": 100.0, "percent_statements_covered_display": "100", "num_branches": 4, "num_partial_branches": 0, "covered_branches": 4, "missing_branches": 0, "percent_branches_covered": 100.0, "percent_branches_covered_display": "100"}, "missing_lines": [], "excluded_lines": [], "start_line": 59, "executed_branches": [[60, 61], [60, 63], [61, 60], [61, 62]], "missing_branches": []}, "_slide_matches_expected_picture_geometry": {"executed_lines": [67, 68, 71, 72, 75, 76], "summary": {"covered_lines": 6, "num_statements": 8, "percent_covered": 66.66666666666667, "percent_covered_display": "67", "missing_lines": 2, "excluded_lines": 0, "percent_statements_covered": 75.0, "percent_statements_covered_display": "75", "num_branches": 4, "num_partial_branches": 2, "covered_branches": 2, "missing_branches": 2, "percent_branches_covered": 50.0, "percent_branches_covered_display": "50"}, "missing_lines": [69, 73], "excluded_lines": [], "start_line": 66, "executed_branches": [[68, 71], [72, 75]], "missing_branches": [[68, 69], [72, 73]]}, "_resolve_image_path": {"executed_lines": [80, 81, 83], "summary": {"covered_lines": 3, "num_statements": 4, "percent_covered": 66.66666666666667, "percent_covered_display": "67", "missing_lines": 1, "excluded_lines": 0, "percent_statements_covered": 75.0, "percent_statements_covered_display": "75", "num_branches": 2, "num_partial_branches": 1, "covered_branches": 1, "missing_branches": 1, "percent_branches_covered": 50.0, "percent_branches_covered_display": "50"}, "missing_lines": [82], "excluded_lines": [], "start_line": 79, "executed_branches": [[81, 83]], "missing_branches": [[81, 82]]}, "_swap_picture_image_part": {"executed_lines": [93, 94, 95, 96, 99, 100, 102, 103], "summary": {"covered_lines": 8, "num_statements": 9, "percent_covered": 76.92307692307692, "percent_covered_display": "77", "missing_lines": 1, "excluded_lines": 0, "percent_statements_covered": 88.88888888888889, "percent_statements_covered_display": "89", "num_branches": 4, "num_partial_branches": 2, "covered_branches": 2, "missing_branches": 2, "percent_branches_covered": 50.0, "percent_branches_covered_display": "50"}, "missing_lines": [97], "excluded_lines": [], "start_line": 86, "executed_branches": [[96, 99], [102, 103]], "missing_branches": [[96, 97], [102, -86]]}, "replace_screenshot_pictures": {"executed_lines": [118, 119, 120, 123, 124, 125, 127, 130, 131, 133, 134, 135, 138, 139, 140, 141, 142, 144, 145, 147, 148, 151, 152, 153, 154, 155, 157, 162, 164, 165, 166, 168, 169], "summary": {"covered_lines": 33, "num_statements": 38, "percent_covered": 84.375, "percent_covered_display": "84", "missing_lines": 5, "excluded_lines": 0, "percent_statements_covered": 86.84210526315789, "percent_statements_covered_display": "87", "num_branches": 26, "num_partial_branches": 5, "covered_branches": 21, "missing_branches": 5, "percent_branches_covered": 80.76923076923077, "percent_branches_covered_display": "81"}, "missing_lines": [121, 128, 136, 149, 158], "excluded_lines": [], "start_line": 106, "executed_branches": [[120, 123], [124, 125], [124, 127], [127, 130], [133, 134], [133, 164], [135, 138], [139, 140], [139, 144], [140, 139], [140, 141], [144, 145], [144, 147], [148, 151], [151, 152], [151, 153], [154, 155], [154, 157], [157, 162], [165, 166], [165, 168]], "missing_branches": [[120, 121], [127, 128], [135, 136], [148, 149], [157, 158]]}, "": {"executed_lines": [3, 5, 6, 8, 9, 10, 11, 13, 19, 26, 30, 43, 47, 51, 59, 66, 79, 86, 106], "summary": {"covered_lines": 19, "num_statements": 19, "percent_covered": 100.0, "percent_covered_display": "100", "missing_lines": 0, "excluded_lines": 0, "percent_statements_covered": 100.0, "percent_statements_covered_display": "100", "num_branches": 0, "num_partial_branches": 0, "covered_branches": 0, "missing_branches": 0, "percent_branches_covered": 100.0, "percent_branches_covered_display": "100"}, "missing_lines": [], "excluded_lines": [], "start_line": 1, "executed_branches": [], "missing_branches": []}}, "classes": {"": {"executed_lines": [3, 5, 6, 8, 9, 10, 11, 13, 19, 26, 27, 30, 31, 32, 34, 35, 37, 38, 39, 43, 44, 47, 48, 51, 52, 53, 54, 55, 56, 59, 60, 61, 62, 63, 66, 67, 68, 71, 72, 75, 76, 79, 80, 81, 83, 86, 93, 94, 95, 96, 99, 100, 102, 103, 106, 118, 119, 120, 123, 124, 125, 127, 130, 131, 133, 134, 135, 138, 139, 140, 141, 142, 144, 145, 147, 148, 151, 152, 153, 154, 155, 157, 162, 164, 165, 166, 168, 169], "summary": {"covered_lines": 88, "num_statements": 100, "percent_covered": 82.89473684210526, "percent_covered_display": "83", "missing_lines": 12, "excluded_lines": 0, "percent_statements_covered": 88.0, "percent_statements_covered_display": "88", "num_branches": 52, "num_partial_branches": 14, "covered_branches": 38, "missing_branches": 14, "percent_branches_covered": 73.07692307692308, "percent_branches_covered_display": "73"}, "missing_lines": [33, 36, 40, 69, 73, 82, 97, 121, 128, 136, 149, 158], "excluded_lines": [], "start_line": 1, "executed_branches": [[31, 32], [32, 34], [35, 37], [38, 39], [53, 54], [53, 56], [54, 53], [54, 55], [60, 61], [60, 63], [61, 60], [61, 62], [68, 71], [72, 75], [81, 83], [96, 99], [102, 103], [120, 123], [124, 125], [124, 127], [127, 130], [133, 134], [133, 164], [135, 138], [139, 140], [139, 144], [140, 139], [140, 141], [144, 145], [144, 147], [148, 151], [151, 152], [151, 153], [154, 155], [154, 157], [157, 162], [165, 166], [165, 168]], "missing_branches": [[31, 40], [32, 33], [35, 36], [38, 31], [68, 69], [72, 73], [81, 82], [96, 97], [102, -86], [120, 121], [127, 128], [135, 136], [148, 149], [157, 158]]}}}, "src/my_project/__init__.py": {"executed_lines": [3, 4, 7, 16, 19, 29], "summary": {"covered_lines": 6, "num_statements": 6, "percent_covered": 100.0, "percent_covered_display": "100", "missing_lines": 0, "excluded_lines": 0, "percent_statements_covered": 100.0, "percent_statements_covered_display": "100", "num_branches": 0, "num_partial_branches": 0, "covered_branches": 0, "missing_branches": 0, "percent_branches_covered": 100.0, "percent_branches_covered_display": "100"}, "missing_lines": [], "excluded_lines": [], "executed_branches": [], "missing_branches": [], "functions": {"greet": {"executed_lines": [16], "summary": {"covered_lines": 1, "num_statements": 1, "percent_covered": 100.0, "percent_covered_display": "100", "missing_lines": 0, "excluded_lines": 0, "percent_statements_covered": 100.0, "percent_statements_covered_display": "100", "num_branches": 0, "num_partial_branches": 0, "covered_branches": 0, "missing_branches": 0, "percent_branches_covered": 100.0, "percent_branches_covered_display": "100"}, "missing_lines": [], "excluded_lines": [], "start_line": 7, "executed_branches": [], "missing_branches": []}, "add": {"executed_lines": [29], "summary": {"covered_lines": 1, "num_statements": 1, "percent_covered": 100.0, "percent_covered_display": "100", "missing_lines": 0, "excluded_lines": 0, "percent_statements_covered": 100.0, "percent_statements_covered_display": "100", "num_branches": 0, "num_partial_branches": 0, "covered_branches": 0, "missing_branches": 0, "percent_branches_covered": 100.0, "percent_branches_covered_display": "100"}, "missing_lines": [], "excluded_lines": [], "start_line": 19, "executed_branches": [], "missing_branches": []}, "": {"executed_lines": [3, 4, 7, 19], "summary": {"covered_lines": 4, "num_statements": 4, "percent_covered": 100.0, "percent_covered_display": "100", "missing_lines": 0, "excluded_lines": 0, "percent_statements_covered": 100.0, "percent_statements_covered_display": "100", "num_branches": 0, "num_partial_branches": 0, "covered_branches": 0, "missing_branches": 0, "percent_branches_covered": 100.0, "percent_branches_covered_display": "100"}, "missing_lines": [], "excluded_lines": [], "start_line": 1, "executed_branches": [], "missing_branches": []}}, "classes": {"": {"executed_lines": [3, 4, 7, 16, 19, 29], "summary": {"covered_lines": 6, "num_statements": 6, "percent_covered": 100.0, "percent_covered_display": "100", "missing_lines": 0, "excluded_lines": 0, "percent_statements_covered": 100.0, "percent_statements_covered_display": "100", "num_branches": 0, "num_partial_branches": 0, "covered_branches": 0, "missing_branches": 0, "percent_branches_covered": 100.0, "percent_branches_covered_display": "100"}, "missing_lines": [], "excluded_lines": [], "start_line": 1, "executed_branches": [], "missing_branches": []}}}}, "totals": {"covered_lines": 2773, "num_statements": 3132, "percent_covered": 85.40681173131505, "percent_covered_display": "85", "missing_lines": 359, "excluded_lines": 22, "percent_statements_covered": 88.53767560664113, "percent_statements_covered_display": "89", "num_branches": 1096, "num_partial_branches": 224, "covered_branches": 838, "missing_branches": 258, "percent_branches_covered": 76.45985401459853, "percent_branches_covered_display": "76"}}