<?xml version="1.0" encoding="utf-8"?><testsuites name="pytest tests"><testsuite name="pytest" errors="0" failures="0" skipped="3" tests="378" time="1193.494" timestamp="2026-02-15T17:24:59.069764+00:00" hostname="runnervmjduv7"><testcase classname="tests.compute.test_rollups" name="test_compute_notional_breakdown_sums_to_one_multi_asset" time="0.004" /><testcase classname="tests.compute.test_rollups" name="test_compute_notional_breakdown_empty_input" time="0.001" /><testcase classname="tests.compute.test_rollups" name="test_compute_notional_breakdown_single_asset_class" time="0.001" /><testcase classname="tests.compute.test_rollups" name="test_compute_totals_aggregates_counterparty_and_asset_class" time="0.004" /><testcase classname="tests.compute.test_rollups" name="test_top_exposures_is_deterministic_for_ties" time="0.003" /><testcase classname="tests.compute.test_rollups" name="test_top_exposures_is_deterministic_for_fixture_input" time="0.070" /><testcase classname="tests.compute.test_rollups" name="test_top_changes_sorts_by_absolute_change" time="0.002" /><testcase classname="tests.integration.test_packaged_executable_assets" name="test_packaged_executable_loads_default_config_and_bundled_template_from_isolated_dir" time="1.835" /><testcase classname="tests.integration.test_windows_runner_cmd" name="test_windows_runner_cmd_uses_relative_executable_and_forwards_cli_args" time="0.000"><skipped type="pytest.skip" message="Windows-only integration test for run_counter_risk.cmd">/home/runner/work/Counter_Risk/Counter_Risk/tests/integration/test_windows_runner_cmd.py:64: Windows-only integration test for run_counter_risk.cmd</skipped></testcase><testcase classname="tests.integration.test_windows_runner_cmd" name="test_windows_runner_cmd_does_not_call_python_entrypoints" time="0.000"><skipped type="pytest.skip" message="Windows-only integration test for run_counter_risk.cmd">/home/runner/work/Counter_Risk/Counter_Risk/tests/integration/test_windows_runner_cmd.py:97: Windows-only integration test for run_counter_risk.cmd</skipped></testcase><testcase classname="tests.integrations.test_powerpoint_com" name="test_is_powerpoint_com_available_false_on_non_windows" time="0.001" /><testcase classname="tests.integrations.test_powerpoint_com" name="test_is_powerpoint_com_available_false_when_win32com_missing" time="0.001" /><testcase classname="tests.integrations.test_powerpoint_com" name="test_is_powerpoint_com_available_true_when_dispatch_works" time="0.001" /><testcase classname="tests.integrations.test_powerpoint_com" name="test_initialize_powerpoint_application_raises_unavailable_on_non_windows" time="0.001" /><testcase classname="tests.integrations.test_powerpoint_com" name="test_initialize_powerpoint_application_wraps_dispatch_errors" time="0.001" /><testcase classname="tests.integrations.test_powerpoint_com" name="test_refresh_links_and_save_writes_manual_instructions_when_com_unavailable" time="0.002" /><testcase classname="tests.integrations.test_powerpoint_com" name="test_refresh_links_fallback_instructions_include_manual_steps" time="0.002" /><testcase classname="tests.integrations.test_powerpoint_com" name="test_refresh_links_and_save_updates_links_and_saves_when_com_available" time="0.002" /><testcase classname="tests.integrations.test_powerpoint_com" name="test_list_external_link_targets_collects_presentation_and_shape_sources" time="0.001" /><testcase classname="tests.parsers.test_cprs_ch" name="test_parse_all_programs_variant" time="0.003" /><testcase classname="tests.parsers.test_cprs_ch" name="test_parse_ex_trend_variant" time="0.002" /><testcase classname="tests.parsers.test_cprs_ch" name="test_parse_trend_variant_maps_swaps_to_futures" time="0.002" /><testcase classname="tests.parsers.test_cprs_ch" name="test_parse_cprs_ch_missing_file_raises" time="0.001" /><testcase classname="tests.parsers.test_cprs_fcm" name="test_parse_fcm_totals_all_programs_non_empty_and_stable_columns" time="0.029" /><testcase classname="tests.parsers.test_cprs_fcm" name="test_parse_fcm_totals_ex_trend_non_empty_and_stable_columns" time="0.010" /><testcase classname="tests.parsers.test_cprs_fcm" name="test_parse_fcm_totals_all_programs_fixture_numeric_totals_close" time="0.027" /><testcase classname="tests.parsers.test_cprs_fcm" name="test_parse_fcm_totals_ex_trend_fixture_numeric_totals_close" time="0.009" /><testcase classname="tests.parsers.test_cprs_fcm" name="test_parse_fcm_totals_trend_is_empty" time="0.014" /><testcase classname="tests.parsers.test_cprs_fcm" name="test_parse_futures_detail_all_programs_non_empty_and_stable_columns" time="0.028" /><testcase classname="tests.parsers.test_cprs_fcm" name="test_parse_futures_detail_ex_trend_is_empty" time="0.010" /><testcase classname="tests.parsers.test_cprs_fcm" name="test_parse_futures_detail_trend_non_empty_and_stable_columns" time="0.012" /><testcase classname="tests.parsers.test_cprs_fcm" name="test_parse_fcm_totals_returns_dataframe_with_expected_dtypes[MOSERS Counterparty Risk Summary 12-31-2025 - All Programs.xlsx]" time="0.030" /><testcase classname="tests.parsers.test_cprs_fcm" name="test_parse_fcm_totals_returns_dataframe_with_expected_dtypes[MOSERS Counterparty Risk Summary 12-31-2025 - Ex Trend.xlsx]" time="0.011" /><testcase classname="tests.parsers.test_cprs_fcm" name="test_parse_fcm_totals_returns_dataframe_with_expected_dtypes[MOSERS Counterparty Risk Summary 12-31-2025 - Trend.xlsx]" time="0.013" /><testcase classname="tests.parsers.test_cprs_fcm" name="test_parse_futures_detail_returns_dataframe_with_expected_dtypes[MOSERS Counterparty Risk Summary 12-31-2025 - All Programs.xlsx]" time="0.029" /><testcase classname="tests.parsers.test_cprs_fcm" name="test_parse_futures_detail_returns_dataframe_with_expected_dtypes[MOSERS Counterparty Risk Summary 12-31-2025 - Ex Trend.xlsx]" time="0.010" /><testcase classname="tests.parsers.test_cprs_fcm" name="test_parse_futures_detail_returns_dataframe_with_expected_dtypes[MOSERS Counterparty Risk Summary 12-31-2025 - Trend.xlsx]" time="0.013" /><testcase classname="tests.parsers.test_nisa_all_programs" name="test_parse_nisa_all_programs_fixture_without_errors" time="31.039" /><testcase classname="tests.parsers.test_nisa_ex_trend" name="test_parse_nisa_ex_trend_fixture_without_errors" time="31.074" /><testcase classname="tests.parsers.test_nisa_trend" name="test_parse_nisa_trend_fixture_without_errors" time="31.182" /><testcase classname="tests.pipeline.test_run_pipeline" name="test_run_pipeline_writes_expected_outputs_and_manifest" time="75.629" /><testcase classname="tests.pipeline.test_run_pipeline" name="test_run_pipeline_generates_all_programs_mosers_from_raw_nisa_input" time="107.080" /><testcase classname="tests.pipeline.test_run_pipeline" name="test_prepare_runtime_config_generates_and_copies_raw_nisa_mosers_output" time="0.002" /><testcase classname="tests.pipeline.test_run_pipeline" name="test_run_pipeline_wraps_parse_errors" time="0.012" /><testcase classname="tests.pipeline.test_run_pipeline" name="test_run_pipeline_wraps_parse_validation_errors" time="0.011" /><testcase classname="tests.pipeline.test_run_pipeline" name="test_run_pipeline_wraps_output_write_errors" time="73.593" /><testcase classname="tests.pipeline.test_run_pipeline" name="test_run_pipeline_wraps_input_validation_errors" time="0.005" /><testcase classname="tests.pipeline.test_run_pipeline" name="test_run_pipeline_wraps_compute_errors" time="0.080" /><testcase classname="tests.pipeline.test_run_pipeline" name="test_run_pipeline_wraps_historical_update_errors" time="0.080" /><testcase classname="tests.pipeline.test_run_pipeline" name="test_run_pipeline_wraps_manifest_generation_errors" time="73.893" /><testcase classname="tests.pipeline.test_run_pipeline" name="test_run_pipeline_passes_as_of_date_and_parsed_inputs_to_historical_update" time="0.085" /><testcase classname="tests.pipeline.test_run_pipeline" name="test_run_pipeline_invokes_ppt_link_refresh" time="73.347" /><testcase classname="tests.pipeline.test_run_pipeline" name="test_run_pipeline_ignores_config_output_root_for_run_directory" time="74.115" /><testcase classname="tests.pipeline.test_run_pipeline" name="test_run_pipeline_wraps_config_validation_errors_for_output_root_file" time="0.005" /><testcase classname="tests.pipeline.test_run_pipeline" name="test_run_pipeline_wraps_config_validation_errors_for_invalid_ppt_extension" time="0.005" /><testcase classname="tests.pipeline.test_run_pipeline" name="test_run_pipeline_wraps_config_load_errors" time="0.002" /><testcase classname="tests.pipeline.test_run_pipeline" name="test_run_pipeline_wraps_run_directory_setup_errors" time="0.011" /><testcase classname="tests.pipeline.test_run_pipeline" name="test_merge_historical_workbook_prefers_configured_total_sheet" time="0.002" /><testcase classname="tests.pipeline.test_run_pipeline" name="test_merge_historical_workbook_uses_deterministic_fallback_sheet_when_preferred_missing" time="0.001" /><testcase classname="tests.pipeline.test_run_pipeline" name="test_merge_historical_workbook_fails_fast_when_required_headers_missing" time="0.002" /><testcase classname="tests.renderers.test_table_png" name="test_render_cprs_ch_png_writes_deterministic_bytes" time="0.261" /><testcase classname="tests.renderers.test_table_png" name="test_render_cprs_fcm_png_writes_deterministic_bytes" time="0.261" /><testcase classname="tests.renderers.test_table_png" name="test_render_cprs_ch_png_missing_required_columns_raises" time="0.002" /><testcase classname="tests.renderers.test_table_png" name="test_render_cprs_ch_png_empty_dataframe_raises" time="0.001" /><testcase classname="tests.renderers.test_table_png" name="test_render_cprs_ch_png_none_exposures_df_raises" time="0.001" /><testcase classname="tests.renderers.test_table_png" name="test_render_cprs_ch_png_below_minimum_rows_raises[all_programs-2-3]" time="0.002" /><testcase classname="tests.renderers.test_table_png" name="test_render_cprs_ch_png_below_minimum_rows_raises[ex_trend-1-2]" time="0.002" /><testcase classname="tests.renderers.test_table_png" name="test_render_cprs_ch_png_below_minimum_rows_raises[trend-0-1]" time="0.002" /><testcase classname="tests.renderers.test_table_png" name="test_render_cprs_ch_png_malformed_numeric_value_raises" time="0.001" /><testcase classname="tests.renderers.test_table_png" name="test_render_cprs_fcm_png_none_exposures_df_raises" time="0.001" /><testcase classname="tests.renderers.test_table_png" name="test_render_cprs_fcm_png_empty_dataframe_raises" time="0.001" /><testcase classname="tests.renderers.test_table_png" name="test_render_cprs_fcm_png_missing_counterparty_column_raises" time="0.001" /><testcase classname="tests.renderers.test_table_png" name="test_render_cprs_fcm_png_below_minimum_rows_raises[all_programs-2-3]" time="0.002" /><testcase classname="tests.renderers.test_table_png" name="test_render_cprs_fcm_png_below_minimum_rows_raises[ex_trend-1-2]" time="0.002" /><testcase classname="tests.renderers.test_table_png" name="test_render_cprs_fcm_png_below_minimum_rows_raises[trend-0-1]" time="0.001" /><testcase classname="tests.renderers.test_table_png" name="test_render_cprs_ch_png_blank_counterparty_raises[   ]" time="0.001" /><testcase classname="tests.renderers.test_table_png" name="test_render_cprs_ch_png_blank_counterparty_raises[None]" time="0.001" /><testcase classname="tests.renderers.test_table_png" name="test_render_cprs_fcm_png_blank_counterparty_raises[   ]" time="0.001" /><testcase classname="tests.renderers.test_table_png" name="test_render_cprs_fcm_png_blank_counterparty_raises[None]" time="0.001" /><testcase classname="tests.renderers.test_table_png" name="test_cprs_ch_table_columns_are_stable" time="0.001" /><testcase classname="tests.renderers.test_table_png" name="test_cprs_ch_table_headers_are_stable" time="0.001" /><testcase classname="tests.renderers.test_table_png" name="test_cprs_ch_table_layout_contract_is_stable" time="0.000" /><testcase classname="tests.renderers.test_table_png" name="test_cprs_ch_table_header_layout_contract_is_stable" time="0.001" /><testcase classname="tests.renderers.test_table_png" name="test_cprs_ch_render_backend_is_explicit_and_stable" time="0.000" /><testcase classname="tests.renderers.test_table_png" name="test_cprs_ch_render_backend_notes_document_library_choice" time="0.000" /><testcase classname="tests.renderers.test_table_png" name="test_cprs_ch_font_spec_is_explicit_and_stable" time="0.000" /><testcase classname="tests.renderers.test_table_png" name="test_cprs_ch_table_style_is_explicit_and_stable" time="0.000" /><testcase classname="tests.renderers.test_table_png" name="test_cprs_ch_view_spec_documents_library_and_styling" time="0.001" /><testcase classname="tests.test_chat_context" name="test_load_run_context_returns_non_empty_summary" time="0.002" /><testcase classname="tests.test_chat_context" name="test_load_manifest_missing_raises_error" time="0.001" /><testcase classname="tests.test_chat_context" name="test_load_manifest_malformed_raises_error" time="0.001" /><testcase classname="tests.test_chat_context" name="test_discover_tables_loads_csv_and_parquet" time="0.002" /><testcase classname="tests.test_chat_session" name="test_validate_user_query_rejects_prompt_injection" time="0.001" /><testcase classname="tests.test_chat_session" name="test_build_guarded_prompt_uses_delimiters_and_sanitizes_untrusted_text" time="0.002" /><testcase classname="tests.test_chat_session" name="test_chat_session_returns_manifest_top_exposure" time="0.002" /><testcase classname="tests.test_chat_session" name="test_chat_session_requires_provider_api_key" time="0.002" /><testcase classname="tests.test_chat_session" name="test_sanitize_untrusted_text_escapes_delimiters" time="0.001" /><testcase classname="tests.test_cli" name="test_cli_help_exits_zero" time="0.302" /><testcase classname="tests.test_config" name="test_load_all_programs_config" time="0.003" /><testcase classname="tests.test_config" name="test_load_ex_trend_config" time="0.003" /><testcase classname="tests.test_config" name="test_load_trend_config" time="0.003" /><testcase classname="tests.test_config" name="test_load_config_raises_for_missing_required_fields" time="0.002" /><testcase classname="tests.test_config" name="test_load_config_raises_for_invalid_field_types" time="0.004" /><testcase classname="tests.test_config" name="test_workflow_config_defaults_screenshot_replacement_fields" time="0.001" /><testcase classname="tests.test_config" name="test_load_config_raises_for_invalid_screenshot_implementation" time="0.004" /><testcase classname="tests.test_counter_risk_cli" name="test_main_without_command_prints_help" time="0.003" /><testcase classname="tests.test_counter_risk_cli" name="test_main_run_command_returns_zero" time="0.002" /><testcase classname="tests.test_counter_risk_cli" name="test_main_run_fixture_replay_mode" time="0.008" /><testcase classname="tests.test_counter_risk_logging" name="test_resolve_level_handles_known_values" time="0.001" /><testcase classname="tests.test_counter_risk_logging" name="test_resolve_level_rejects_unknown_value" time="0.001" /><testcase classname="tests.test_counter_risk_logging" name="test_json_formatter_emits_expected_keys" time="0.001" /><testcase classname="tests.test_counter_risk_logging" name="test_json_formatter_includes_exception_text" time="0.001" /><testcase classname="tests.test_counter_risk_logging" name="test_configure_logging_writes_json_file" time="0.002" /><testcase classname="tests.test_coverage_policy" name="test_coverage_fail_under_is_env_driven" time="0.003" /><testcase classname="tests.test_dependency_version_alignment" name="test_all_pyproject_dependencies_are_in_lock" time="0.003" /><testcase classname="tests.test_dropin_template_openpyxl_absence" name="test_dropin_template_pytest_run_skips_cleanly_without_openpyxl" time="4.117" /><testcase classname="tests.test_dropin_templates" name="test_fill_dropin_template_raises_for_missing_template" time="0.001" /><testcase classname="tests.test_dropin_templates" name="test_fill_dropin_template_validates_exposures_type" time="0.002" /><testcase classname="tests.test_dropin_templates" name="test_build_exposure_index_normalizes_counterparty_and_clearing_house_labels" time="0.001" /><testcase classname="tests.test_dropin_templates" name="test_merge_exposure_rows_aggregates_numeric_fields_and_keeps_non_numeric_latest" time="0.001" /><testcase classname="tests.test_dropin_templates" name="test_fill_dropin_template_validates_non_empty_path_arguments" time="0.001" /><testcase classname="tests.test_dropin_templates" name="test_fill_dropin_template_validates_output_suffix" time="0.001" /><testcase classname="tests.test_dropin_templates" name="test_fill_dropin_template_rejects_directory_paths" time="0.001" /><testcase classname="tests.test_dropin_templates" name="test_fill_dropin_template_validates_template_suffix" time="0.001" /><testcase classname="tests.test_dropin_templates" name="test_fill_dropin_template_validates_breakdown_mapping" time="0.001" /><testcase classname="tests.test_dropin_templates" name="test_fill_dropin_template_validates_breakdown_value_type" time="0.001" /><testcase classname="tests.test_dropin_templates" name="test_fill_dropin_template_validates_iterable_rows_are_mappings" time="0.001" /><testcase classname="tests.test_dropin_templates" name="test_fill_dropin_template_validates_counterparty_identifier_columns" time="0.001" /><testcase classname="tests.test_dropin_templates" name="test_fill_dropin_template_validates_non_empty_counterparty_identifier_values" time="0.001" /><testcase classname="tests.test_dropin_templates" name="test_fill_dropin_template_loads_template_via_openpyxl" time="0.003" /><testcase classname="tests.test_dropin_templates" name="test_fill_dropin_template_raises_for_unloadable_workbook" time="0.002" /><testcase classname="tests.test_dropin_templates" name="test_fill_dropin_template_populates_asset_and_notional_cells" time="0.003" /><testcase classname="tests.test_dropin_templates" name="test_fill_dropin_template_rejects_non_numeric_values_for_template_cells" time="0.002" /><testcase classname="tests.test_dropin_templates" name="test_fill_dropin_template_rejects_non_finite_values_for_template_cells" time="0.003" /><testcase classname="tests.test_dropin_templates" name="test_fill_dropin_template_aggregates_duplicate_counterparty_rows" time="0.003" /><testcase classname="tests.test_dropin_templates" name="test_fill_dropin_template_populates_notional_breakdown_row" time="0.003" /><testcase classname="tests.test_dropin_templates" name="test_fill_dropin_template_populates_all_programs_fixture_counterparty_rows" time="41.516" /><testcase classname="tests.test_dropin_templates" name="test_fill_dropin_template_populates_ex_trend_fixture_numeric_cells" time="0.073" /><testcase classname="tests.test_dropin_templates" name="test_fill_dropin_template_populates_trend_fixture_notional_breakdown_row" time="0.047" /><testcase classname="tests.test_dropin_templates" name="test_fill_dropin_template_generated_workbooks_reopen_cleanly_for_all_variants" time="41.560" /><testcase classname="tests.test_dropin_templates" name="test_fill_dropin_template_rejects_malformed_template_file" time="0.002" /><testcase classname="tests.test_excel_asserts" name="test_parse_a1_range_rectangular_bounds" time="0.001" /><testcase classname="tests.test_excel_asserts" name="test_parse_a1_range_normalizes_reverse_coordinates" time="0.001" /><testcase classname="tests.test_excel_asserts" name="test_extract_range_values_returns_expected_rectangle" time="0.001" /><testcase classname="tests.test_excel_asserts" name="test_float_tolerant_equal_for_nested_sequence" time="0.001" /><testcase classname="tests.test_excel_asserts" name="test_float_tolerant_equal_is_deterministic" time="0.001" /><testcase classname="tests.test_excel_asserts" name="test_float_tolerant_equal_detects_real_difference" time="0.000" /><testcase classname="tests.test_fixture_replay_numeric_outputs" name="test_run_fixture_replay_preserves_csv_tsv_numeric_payloads[fixture.csv-payload0-,-1e-12-1e-12]" time="0.007" /><testcase classname="tests.test_fixture_replay_numeric_outputs" name="test_run_fixture_replay_preserves_csv_tsv_numeric_payloads[fixture.tsv-payload1-\t-1e-09-1e-09]" time="0.006" /><testcase classname="tests.test_fixture_replay_numeric_outputs" name="test_run_fixture_replay_preserves_json_numeric_payloads" time="0.006" /><testcase classname="tests.test_fixture_replay_numeric_outputs" name="test_run_fixture_replay_preserves_parquet_numeric_payloads" time="0.002"><skipped type="pytest.skip" message="could not import 'pyarrow': No module named 'pyarrow'">/home/runner/work/Counter_Risk/Counter_Risk/tests/test_fixture_replay_numeric_outputs.py:149: could not import 'pyarrow': No module named 'pyarrow'</skipped></testcase><testcase classname="tests.test_fixtures_smoke" name="test_raw_nisa_fixture_exists_and_opens[NISA Monthly All Programs - Raw.xlsx]" time="17.407" /><testcase classname="tests.test_fixtures_smoke" name="test_raw_nisa_fixture_exists_and_opens[NISA Monthly Ex Trend - Raw.xlsx]" time="17.046" /><testcase classname="tests.test_fixtures_smoke" name="test_raw_nisa_fixture_exists_and_opens[NISA Monthly Trend - Raw.xlsx]" time="17.063" /><testcase classname="tests.test_fixtures_smoke" name="test_mosers_reference_fixture_exists_and_opens" time="0.038" /><testcase classname="tests.test_fixtures_smoke" name="test_fixture_workbooks_and_presentations_open" time="156.208" /><testcase classname="tests.test_historical_update" name="test_module_has_expected_sheet_constants" time="0.001" /><testcase classname="tests.test_historical_update" name="test_as_path_rejects_blank_string" time="0.001" /><testcase classname="tests.test_historical_update" name="test_validate_workbook_path_rejects_non_xlsx_file" time="0.001" /><testcase classname="tests.test_historical_update" name="test_resolve_append_date_prefers_explicit_date" time="0.001" /><testcase classname="tests.test_historical_update" name="test_resolve_append_date_uses_config_when_explicit_is_not_provided" time="0.000" /><testcase classname="tests.test_historical_update" name="test_resolve_append_date_infers_from_cprs_ch_header_when_other_sources_missing" time="0.002" /><testcase classname="tests.test_historical_update" name="test_resolve_append_date_raises_dedicated_error_when_all_sources_missing" time="0.001" /><testcase classname="tests.test_historical_update" name="test_find_header_row_scans_through_row_twelve_even_when_sheet_max_row_is_lower" time="0.001" /><testcase classname="tests.test_historical_update" name="test_append_to_sheet_raises_date_monotonicity_error_on_equal_append_date" time="0.001" /><testcase classname="tests.test_historical_update" name="test_append_to_sheet_raises_monotonicity_error_on_less_than_last_row_date_from_string" time="0.001" /><testcase classname="tests.test_historical_update" name="test_append_functions_save_and_reload_updated_workbook" time="0.062" /><testcase classname="tests.test_historical_update" name="test_append_functions_add_exactly_one_row_to_each_target_sheet" time="0.003" /><testcase classname="tests.test_historical_update" name="test_append_row_raises_resolution_error_when_no_append_date_source_and_does_not_save" time="0.001" /><testcase classname="tests.test_historical_update" name="test_append_functions_write_known_series_values_with_numeric_edge_cases" time="0.003" /><testcase classname="tests.test_historical_update" name="test_append_to_sheet_defaults_missing_and_mismatched_numeric_series_to_zero_in_multi_row_headers" time="0.001" /><testcase classname="tests.test_historical_update" name="test_consolidated_header_map_includes_date_and_multi_row_numeric_series_columns" time="0.001" /><testcase classname="tests.test_historical_workbook_validation" name="test_historical_validation_missing_header_includes_sheet_and_missing_columns" time="0.002" /><testcase classname="tests.test_historical_workbook_validation" name="test_historical_validation_with_decoy_and_target_sheet_appends_only_to_target" time="0.002" /><testcase classname="tests.test_historical_workbook_validation" name="test_historical_validation_valid_workbook_updates_copy_under_run_dir" time="0.002" /><testcase classname="tests.test_historical_workbook_validation" name="test_historical_workbook_update_normalized_headers_and_run_dir_output" time="0.003" /><testcase classname="tests.test_imports" name="test_import_counter_risk" time="0.001" /><testcase classname="tests.test_imports" name="test_import_counter_risk_logging" time="0.000" /><testcase classname="tests.test_imports" name="test_import_counter_risk_cli" time="0.000" /><testcase classname="tests.test_main" name="test_version" time="0.000" /><testcase classname="tests.test_main" name="test_greet" time="0.000" /><testcase classname="tests.test_main" name="test_greet_empty" time="0.000" /><testcase classname="tests.test_main" name="test_add" time="0.000" /><testcase classname="tests.test_main" name="test_add_negative" time="0.000" /><testcase classname="tests.test_manifest_paths" name="test_manifest_paths_are_relative_and_resolve_to_existing_files" time="0.002" /><testcase classname="tests.test_manifest_paths" name="test_manifest_build_rejects_nonexistent_artifact_paths" time="0.002" /><testcase classname="tests.test_manifest_paths" name="test_to_relative_artifact_path_normalizes_absolute_path_under_run_dir" time="0.002" /><testcase classname="tests.test_manifest_paths" name="test_to_relative_artifact_path_normalizes_relative_path_to_posix" time="0.002" /><testcase classname="tests.test_manifest_paths" name="test_to_relative_artifact_path_rejects_parent_traversal_segments" time="0.002" /><testcase classname="tests.test_manifest_paths" name="test_to_relative_artifact_path_rejects_absolute_path_outside_run_dir" time="0.002" /><testcase classname="tests.test_mosers_template" name="test_get_mosers_template_path_points_to_existing_xlsx" time="0.001" /><testcase classname="tests.test_mosers_template" name="test_get_mosers_template_bytes_returns_non_empty_payload" time="0.001" /><testcase classname="tests.test_mosers_template" name="test_load_mosers_template_workbook_contains_expected_sheets" time="0.073" /><testcase classname="tests.test_mosers_workbook" name="test_generate_mosers_workbook_populates_program_name_from_parsed_nisa_data[fixture_path0]" time="0.415" /><testcase classname="tests.test_mosers_workbook" name="test_generate_mosers_workbook_reflects_input_annualized_volatility_changes" time="0.503" /><testcase classname="tests.test_mosers_workbook" name="test_generate_mosers_workbook_ex_trend_populates_values_from_ex_trend_fixture" time="61.857" /><testcase classname="tests.test_mosers_workbook" name="test_generate_mosers_workbook_trend_populates_values_from_trend_fixture" time="61.612" /><testcase classname="tests.test_nisa_all_programs_parser" name="test_parse_nisa_all_programs_uses_fixture_file" time="0.170" /><testcase classname="tests.test_nisa_all_programs_parser" name="test_parser_handles_when_data_worksheet_is_not_first_sheet" time="0.171" /><testcase classname="tests.test_nisa_all_programs_parser" name="test_parser_handles_extra_leading_rows_before_header_row" time="0.296" /><testcase classname="tests.test_nisa_all_programs_parser" name="test_parser_handles_reordered_columns" time="0.161" /><testcase classname="tests.test_nisa_all_programs_parser" name="test_parser_raises_explicit_missing_headers_error" time="0.506" /><testcase classname="tests.test_nisa_parser" name="test_parser_falls_back_when_highest_scoring_sheet_is_missing_required_headers" time="0.524" /><testcase classname="tests.test_nisa_parser" name="test_parser_does_not_map_standalone_percent_header_to_annualized_volatility" time="0.458" /><testcase classname="tests.test_normalize" name="test_normalize_counterparty_mappings[Citigroup-Citibank]" time="0.001" /><testcase classname="tests.test_normalize" name="test_normalize_counterparty_mappings[Bank of America, NA-Bank of America]" time="0.001" /><testcase classname="tests.test_normalize" name="test_normalize_counterparty_mappings[Goldman Sachs Int'l-Goldman Sachs]" time="0.001" /><testcase classname="tests.test_normalize" name="test_normalize_counterparty_mappings[Societe Generale-Soc Gen]" time="0.001" /><testcase classname="tests.test_normalize" name="test_normalize_counterparty_mappings[Barclays Bank PLC-Barclays]" time="0.001" /><testcase classname="tests.test_normalize" name="test_normalize_clearing_house_mappings[CME Clearing House-CME]" time="0.001" /><testcase classname="tests.test_normalize" name="test_normalize_clearing_house_mappings[ICE Clear U.S.-ICE]" time="0.001" /><testcase classname="tests.test_normalize" name="test_normalize_clearing_house_mappings[ICE Clear Europe-ICE Euro]" time="0.001" /><testcase classname="tests.test_normalize" name="test_normalize_clearing_house_mappings[EUREX Clearing-EUREX]" time="0.001" /><testcase classname="tests.test_normalize" name="test_normalize_clearing_house_mappings[Japan Securities Clearing Corporation-Japan SCC]" time="0.001" /><testcase classname="tests.test_normalize" name="test_normalize_clearing_house_mappings[Korea Exchange (in-house)-Korea Exchange]" time="0.001" /><testcase classname="tests.test_normalize" name="test_normalize_counterparty_cleans_whitespace" time="0.000" /><testcase classname="tests.test_normalize" name="test_normalize_clearing_house_cleans_whitespace" time="0.000" /><testcase classname="tests.test_normalize" name="test_normalize_counterparty_unknown_name_is_noop" time="0.000" /><testcase classname="tests.test_normalize" name="test_normalize_clearing_house_unknown_name_is_noop" time="0.000" /><testcase classname="tests.test_numeric_assertions" name="test_assert_numeric_outputs_close_accepts_close_numeric_values" time="0.001" /><testcase classname="tests.test_numeric_assertions" name="test_assert_numeric_outputs_close_raises_for_numeric_mismatch" time="0.001" /><testcase classname="tests.test_numeric_assertions" name="test_assert_numeric_outputs_close_raises_for_key_mismatch" time="0.001" /><testcase classname="tests.test_parser_writer_normalization" name="test_parser_applies_normalization" time="0.001" /><testcase classname="tests.test_parser_writer_normalization" name="test_writer_applies_normalization" time="0.001" /><testcase classname="tests.test_pipeline_run_dir" name="test_pipeline_writes_outputs_only_to_repo_root_runs_date_dir" time="0.013" /><testcase classname="tests.test_pipeline_run_dir" name="test_run_directory_creation_same_date_repeat_run_uses_unique_directory_suffix" time="0.022" /><testcase classname="tests.test_pipeline_run_outputs" name="test_write_outputs_screenshot_replacement_replaces_expected_number_of_media_parts" time="0.038" /><testcase classname="tests.test_pipeline_screenshot_replacement" name="test_write_outputs_calls_zip_backend_once_when_enabled" time="0.004" /><testcase classname="tests.test_pipeline_screenshot_replacement" name="test_write_outputs_routes_python_pptx_backend_when_selected" time="0.003" /><testcase classname="tests.test_pipeline_screenshot_replacement" name="test_resolve_screenshot_input_mapping_rejects_non_png_paths" time="0.002" /><testcase classname="tests.test_pipeline_screenshot_replacement" name="test_resolve_screenshot_input_mapping_sorts_by_normalized_keys" time="0.002" /><testcase classname="tests.test_pipeline_screenshot_replacement" name="test_resolve_screenshot_input_mapping_rejects_duplicate_normalized_keys" time="0.002" /><testcase classname="tests.test_ppt_screenshot_replacement" name="test_replace_screenshots_writes_modified_ppt_and_changes_target_media_parts" time="0.041" /><testcase classname="tests.test_ppt_status_reporting" name="test_pipeline_records_skipped_ppt_status_for_unsupported_environment" time="0.014" /><testcase classname="tests.test_ppt_status_reporting" name="test_pipeline_records_failed_ppt_status_for_runtime_ppt_processing_error" time="0.013" /><testcase classname="tests.test_pptx_replacement_workflow" name="test_replacement_workflow_output_reopens" time="0.065" /><testcase classname="tests.test_pptx_replacement_workflow" name="test_replacement_workflow_near_match_slide_remains_unchanged" time="0.050" /><testcase classname="tests.test_readme_testing_section" name="test_testing_section_contains_single_autopilot_sentence" time="0.001" /><testcase classname="tests.test_release_bundle" name="test_read_version_prefers_override" time="0.001" /><testcase classname="tests.test_release_bundle" name="test_read_version_uses_file" time="0.001" /><testcase classname="tests.test_release_bundle" name="test_read_version_raises_for_missing_source" time="0.001" /><testcase classname="tests.test_release_bundle" name="test_assemble_release_creates_versioned_bundle_with_executable" time="0.005" /><testcase classname="tests.test_release_bundle" name="test_create_runner_file_directly_invokes_packaged_executable_only" time="0.001" /><testcase classname="tests.test_release_bundle" name="test_assemble_release_requires_force_for_existing_bundle" time="0.004" /><testcase classname="tests.test_release_bundle" name="test_main_accepts_version_and_output_dir" time="0.006" /><testcase classname="tests.test_release_bundle" name="test_run_release_uses_version_file_when_override_missing" time="0.004" /><testcase classname="tests.test_release_bundle" name="test_assemble_release_fails_fast_when_release_spec_is_missing" time="0.004" /><testcase classname="tests.test_release_bundle" name="test_assemble_release_fails_when_pyinstaller_output_is_missing" time="0.004" /><testcase classname="tests.test_release_bundle" name="test_assemble_release_fails_on_duplicate_template_filenames" time="0.002" /><testcase classname="tests.test_release_bundle" name="test_run_pyinstaller_raises_nonzero_exit" time="0.002" /><testcase classname="tests.test_release_bundle" name="test_run_pyinstaller_logs_streams_on_success" time="0.002" /><testcase classname="tests.test_release_bundle" name="test_validate_version_manifest_consistency_raises_on_mismatch" time="0.002" /><testcase classname="tests.test_release_bundle" name="test_release_bundle_executable_runs_fixture_replay_and_matches_numeric_fixture_values" time="0.310" /><testcase classname="tests.test_release_checklist" name="test_release_checklist_exists_with_required_commands_and_bundle_contents" time="0.001" /><testcase classname="tests.test_release_spec" name="test_release_spec_defines_analysis_exe_and_collect" time="0.001" /><testcase classname="tests.test_release_spec" name="test_release_spec_pyinstaller_build_outputs_expected_executable" time="65.480" /><testcase classname="tests.test_release_workflow_setup" name="test_validate_release_bundle_script_exists_and_passes_for_valid_bundle" time="0.012" /><testcase classname="tests.test_release_workflow_setup" name="test_validate_release_bundle_script_fails_when_manifest_missing" time="0.012" /><testcase classname="tests.test_release_workflow_setup" name="test_release_workflow_draft_contains_required_steps" time="0.009" /><testcase classname="tests.test_release_workflow_setup" name="test_release_workflow_draft_dispatch_inputs_do_not_require_version" time="0.009" /><testcase classname="tests.test_release_workflow_setup" name="test_release_workflow_setup_doc_exists_with_promotion_steps" time="0.001" /><testcase classname="tests.test_runner_launch" name="test_build_command_all_mode_for_distinct_dates[2025-01-31-2025-01-31]" time="0.001" /><testcase classname="tests.test_runner_launch" name="test_build_command_all_mode_for_distinct_dates[2025-02-28-2025-02-28]" time="0.001" /><testcase classname="tests.test_runner_launch" name="test_build_command_ex_trend_mode_for_distinct_dates[2024-11-30-2024-11-30]" time="0.001" /><testcase classname="tests.test_runner_launch" name="test_build_command_ex_trend_mode_for_distinct_dates[2024-12-31-2024-12-31]" time="0.001" /><testcase classname="tests.test_runner_launch" name="test_build_command_trend_mode_for_distinct_dates[2026-03-31-2026-03-31]" time="0.001" /><testcase classname="tests.test_runner_launch" name="test_build_command_trend_mode_for_distinct_dates[2026-04-30-2026-04-30]" time="0.001" /><testcase classname="tests.test_runner_launch" name="test_open_output_folder_returns_missing_directory_error_without_open_call" time="0.001" /><testcase classname="tests.test_runner_launch" name="test_open_output_folder_uses_stubbed_explorer_for_existing_directory" time="0.001" /><testcase classname="tests.test_runner_month_selector_decision" name="test_month_selector_decision_doc_defines_scope_from_requirements" time="0.001" /><testcase classname="tests.test_runner_month_selector_decision" name="test_default_runner_requirements_choose_month_selector" time="0.001" /><testcase classname="tests.test_runner_month_selector_decision" name="test_relaxed_requirements_can_choose_date_picker" time="0.000" /><testcase classname="tests.test_runner_month_selector_decision" name="test_scope_definition_uses_default_requirements_and_boundaries" time="0.000" /><testcase classname="tests.test_runner_month_selector_decision" name="test_scope_decision_matches_policy_decision_for_same_requirements" time="0.000" /><testcase classname="tests.test_runner_month_selector_decision" name="test_scope_definition_accepts_explicit_requirements" time="0.000" /><testcase classname="tests.test_runner_month_selector_decision" name="test_any_missing_mandatory_requirement_switches_to_date_picker[override0]" time="0.001" /><testcase classname="tests.test_runner_month_selector_decision" name="test_any_missing_mandatory_requirement_switches_to_date_picker[override1]" time="0.001" /><testcase classname="tests.test_runner_month_selector_decision" name="test_any_missing_mandatory_requirement_switches_to_date_picker[override2]" time="0.001" /><testcase classname="tests.test_runner_month_selector_decision" name="test_any_missing_mandatory_requirement_switches_to_date_picker[override3]" time="0.001" /><testcase classname="tests.test_runner_month_selector_decision" name="test_month_selector_rationale_covers_workflow_reliability_and_ci_requirements" time="0.000" /><testcase classname="tests.test_runner_vba_module" name="test_runner_vba_module_constructs_arguments_from_date_and_mode" time="0.001" /><testcase classname="tests.test_runner_vba_module" name="test_runner_vba_module_defines_structured_launch_status_and_execution" time="0.001" /><testcase classname="tests.test_runner_vba_module" name="test_runner_vba_module_uses_single_shared_builder_for_all_run_modes" time="0.001" /><testcase classname="tests.test_runner_vba_module" name="test_runner_vba_module_updates_status_before_launch_and_writes_error_result" time="0.001" /><testcase classname="tests.test_runner_vba_module" name="test_runner_vba_open_output_folder_checks_directory_and_reports_missing_path" time="0.001" /><testcase classname="tests.test_runner_vba_module" name="test_runner_vba_module_has_stub_friendly_shell_and_filesystem_boundaries" time="0.001" /><testcase classname="tests.test_runner_vba_module" name="test_runner_vba_module_defines_public_entrypoints" time="0.001" /><testcase classname="tests.test_runner_vba_module" name="test_runner_vba_run_all_reads_selected_date_and_calls_shared_builder" time="0.001" /><testcase classname="tests.test_runner_vba_module" name="test_runner_vba_run_ex_trend_reads_selected_date_and_calls_shared_builder" time="0.001" /><testcase classname="tests.test_runner_vba_module" name="test_runner_vba_run_trend_reads_selected_date_and_calls_shared_builder" time="0.001" /><testcase classname="tests.test_runner_vba_module" name="test_runner_workbook_embeds_runnerlaunch_entrypoints_in_vba_project" time="0.001" /><testcase classname="tests.test_runner_workbook" name="test_runner_workbook_exists" time="0.001" /><testcase classname="tests.test_runner_workbook" name="test_runner_workbook_has_required_ooxml_structure_and_content_types" time="0.001" /><testcase classname="tests.test_runner_workbook" name="test_runner_workbook_contains_month_selector_dropdown" time="0.003" /><testcase classname="tests.test_runner_workbook" name="test_runner_workbook_contains_run_controls" time="0.001" /><testcase classname="tests.test_runner_workbook" name="test_build_runner_workbook_embeds_valid_vba_binary_with_matching_hash" time="0.004" /><testcase classname="tests.test_runner_workbook" name="test_build_runner_workbook_extracts_vba_binary_with_ole_signature" time="0.003" /><testcase classname="tests.test_runner_workbook" name="test_build_runner_workbook_extracts_searchable_vba_text" time="0.003" /><testcase classname="tests.test_runner_workbook" name="test_build_runner_workbook_fails_when_vba_project_bin_missing" time="0.002" /><testcase classname="tests.test_runner_workbook" name="test_build_runner_workbook_fails_when_vba_project_bin_has_invalid_signature" time="0.002" /><testcase classname="tests.test_runner_xlsm_vba_project" name="test_extract_vba_project_bin_bytes_returns_binary_payload" time="0.001" /><testcase classname="tests.test_runner_xlsm_vba_project" name="test_runner_vba_project_bin_checksum_matches_fixture" time="0.001" /><testcase classname="tests.test_sitecustomize" name="test_strip_pytest_xdist_args_removes_parallel_flags" time="0.001" /><testcase classname="tests.test_sitecustomize" name="test_strip_pytest_xdist_args_keeps_other_args" time="0.000" /><testcase classname="tests.test_table_png" name="test_render_cprs_fcm_png_is_importable_from_renderers_package" time="0.000" /><testcase classname="tests.test_table_png" name="test_render_cprs_fcm_png_and_ch_png_route_through_shared_internal_helper" time="0.001" /><testcase classname="tests.test_table_png" name="test_render_cprs_ch_png_writes_png_file_for_each_variant[all_programs]" time="0.162" /><testcase classname="tests.test_table_png" name="test_render_cprs_ch_png_writes_png_file_for_each_variant[ex_trend]" time="0.133" /><testcase classname="tests.test_table_png" name="test_render_cprs_ch_png_writes_png_file_for_each_variant[trend]" time="0.091" /><testcase classname="tests.test_table_png" name="test_render_cprs_fcm_png_writes_png_file_for_each_variant[all_programs]" time="0.160" /><testcase classname="tests.test_table_png" name="test_render_cprs_fcm_png_writes_png_file_for_each_variant[ex_trend]" time="0.133" /><testcase classname="tests.test_table_png" name="test_render_cprs_fcm_png_writes_png_file_for_each_variant[trend]" time="0.092" /><testcase classname="tests.test_table_png" name="test_render_cprs_ch_png_is_deterministic_for_each_variant[all_programs]" time="0.317" /><testcase classname="tests.test_table_png" name="test_render_cprs_ch_png_is_deterministic_for_each_variant[ex_trend]" time="0.266" /><testcase classname="tests.test_table_png" name="test_render_cprs_ch_png_is_deterministic_for_each_variant[trend]" time="0.182" /><testcase classname="tests.test_table_png" name="test_render_cprs_fcm_png_is_deterministic_for_each_variant[all_programs]" time="0.316" /><testcase classname="tests.test_table_png" name="test_render_cprs_fcm_png_is_deterministic_for_each_variant[ex_trend]" time="0.266" /><testcase classname="tests.test_table_png" name="test_render_cprs_fcm_png_is_deterministic_for_each_variant[trend]" time="0.182" /><testcase classname="tests.test_table_png" name="test_render_cprs_ch_png_raises_on_none_exposures_df" time="0.002" /><testcase classname="tests.test_table_png" name="test_render_cprs_ch_png_raises_on_empty_dataframe" time="0.001" /><testcase classname="tests.test_table_png" name="test_render_cprs_ch_png_raises_on_below_minimum_rows[all_programs-2-3]" time="0.002" /><testcase classname="tests.test_table_png" name="test_render_cprs_ch_png_raises_on_below_minimum_rows[ex_trend-1-2]" time="0.002" /><testcase classname="tests.test_table_png" name="test_render_cprs_ch_png_raises_on_below_minimum_rows[trend-0-1]" time="0.002" /><testcase classname="tests.test_table_png" name="test_render_cprs_ch_png_raises_on_blank_counterparty" time="0.001" /><testcase classname="tests.test_table_png" name="test_render_cprs_fcm_png_raises_on_none_exposures_df" time="0.001" /><testcase classname="tests.test_table_png" name="test_render_cprs_fcm_png_raises_on_empty_dataframe" time="0.001" /><testcase classname="tests.test_table_png" name="test_render_cprs_fcm_png_raises_on_below_minimum_rows[all_programs-2-3]" time="0.002" /><testcase classname="tests.test_table_png" name="test_render_cprs_fcm_png_raises_on_below_minimum_rows[ex_trend-1-2]" time="0.002" /><testcase classname="tests.test_table_png" name="test_render_cprs_fcm_png_raises_on_below_minimum_rows[trend-0-1]" time="0.002" /><testcase classname="tests.test_table_png" name="test_render_cprs_fcm_png_raises_on_blank_counterparty" time="0.001" /><testcase classname="tests.test_validate_release_bundle" name="test_validate_bundle_success" time="0.012" /><testcase classname="tests.test_validate_release_bundle" name="test_validate_bundle_fails_when_gh_is_missing" time="0.005" /><testcase classname="tests.test_validate_release_bundle" name="test_validate_bundle_missing_artifact" time="0.012" /><testcase classname="tests.test_validate_release_bundle" name="test_windows_detection_env_signals[extra_env0-True]" time="0.012" /><testcase classname="tests.test_validate_release_bundle" name="test_windows_detection_env_signals[extra_env1-True]" time="0.012" /><testcase classname="tests.test_validate_release_bundle" name="test_windows_detection_env_signals[extra_env2-True]" time="0.012" /><testcase classname="tests.test_validate_release_bundle" name="test_windows_detection_env_signals[extra_env3-True]" time="0.012" /><testcase classname="tests.test_validate_release_bundle" name="test_windows_detection_env_signals[extra_env4-True]" time="0.012" /><testcase classname="tests.test_validate_release_bundle" name="test_windows_detection_env_signals[extra_env5-False]" time="0.012" /><testcase classname="tests.test_validate_release_bundle" name="test_windows_detection_falls_back_to_env_when_uname_missing" time="0.010" /><testcase classname="tests.test_validate_release_workflow_yaml" name="test_validate_release_workflow_yaml_passes_for_valid_file" time="0.053" /><testcase classname="tests.test_validate_release_workflow_yaml" name="test_validate_release_workflow_yaml_uses_default_path_and_fails_when_missing" time="0.052" /><testcase classname="tests.test_validate_release_workflow_yaml" name="test_validate_release_workflow_yaml_uses_default_path_when_present" time="0.053" /><testcase classname="tests.test_validate_release_workflow_yaml" name="test_validate_release_workflow_yaml_fails_for_missing_requirements[missing_install-\nname: x\non: {workflow_dispatch: null}\njobs:\n  release:\n    steps:\n      - uses: actions/checkout@v4\n      - uses: actions/setup-python@v5\n      - run: pytest tests/\n      - run: pyinstaller -y release.spec\n      - run: python -m counter_risk.build.release\n      - run: scripts/validate_release_bundle.sh release/1.2.3\n      - uses: actions/upload-artifact@v4\n        with: {path: release/1.2.3/}\n-pip install -r requirements.txt]" time="0.055" /><testcase classname="tests.test_validate_release_workflow_yaml" name="test_validate_release_workflow_yaml_fails_for_missing_requirements[missing_pyinstaller-\nname: x\non: {workflow_dispatch: null}\njobs:\n  release:\n    steps:\n      - uses: actions/checkout@v4\n      - uses: actions/setup-python@v5\n        with: {python-version: &quot;3.11&quot;}\n      - run: python -m pip install -r requirements.txt\n      - run: pytest tests/\n      - run: python -m counter_risk.build.release\n      - run: scripts/validate_release_bundle.sh release/1.2.3\n      - uses: actions/upload-artifact@v4\n        with: {path: release/1.2.3/, retention-days: 14}\n-pyinstaller -y release.spec]" time="0.054" /><testcase classname="tests.test_validate_release_workflow_yaml" name="test_validate_release_workflow_yaml_fails_for_missing_requirements[bad_upload_path-\nname: x\non: {workflow_dispatch: null}\njobs:\n  release:\n    steps:\n      - uses: actions/checkout@v4\n      - uses: actions/setup-python@v5\n        with: {python-version: &quot;3.11&quot;}\n      - run: python -m pip install -r requirements.txt\n      - run: pytest tests/\n      - run: pyinstaller -y release.spec\n      - run: python -m counter_risk.build.release\n      - run: scripts/validate_release_bundle.sh release/1.2.3\n      - uses: actions/upload-artifact@v4\n        with: {path: dist/, retention-days: 14}\n-upload-artifact path must include 'release/']" time="0.053" /><testcase classname="tests.test_validate_release_workflow_yaml" name="test_validate_release_workflow_yaml_fails_for_missing_requirements[missing_upload_step-\nname: x\non: {workflow_dispatch: null}\njobs:\n  release:\n    steps:\n      - uses: actions/checkout@v4\n      - uses: actions/setup-python@v5\n        with: {python-version: &quot;3.11&quot;}\n      - run: python -m pip install -r requirements.txt\n      - run: pytest tests/\n      - run: pyinstaller -y release.spec\n      - run: python -m counter_risk.build.release\n      - run: scripts/validate_release_bundle.sh release/1.2.3\n-missing actions/upload-artifact step]" time="0.054" /><testcase classname="tests.test_validate_release_workflow_yaml" name="test_validate_release_workflow_yaml_rejects_required_version_input" time="0.054" /><testcase classname="tests.test_validate_release_workflow_yaml" name="test_validate_release_workflow_yaml_rejects_old_action_versions" time="0.054" /><testcase classname="tests.test_validate_release_workflow_yaml" name="test_validate_release_workflow_yaml_rejects_python_below_floor" time="0.054" /><testcase classname="tests.test_validate_release_workflow_yaml" name="test_validate_release_workflow_yaml_requires_upload_retention_days" time="0.053" /><testcase classname="tests.test_vba_runnerlaunch_signature" name="test_buildcommand_signature_has_exactly_three_parameters" time="0.001" /><testcase classname="tests.test_vba_runnerlaunch_signature" name="test_buildcommand_contains_date_parsing_call" time="0.001" /><testcase classname="tests.test_verify_release_workflow_dispatch" name="test_verify_release_workflow_dispatch_reports_missing_workflow_file" time="0.060" /><testcase classname="tests.test_verify_release_workflow_dispatch" name="test_verify_release_workflow_dispatch_rejects_draft_path" time="0.006" /><testcase classname="tests.test_verify_release_workflow_dispatch" name="test_verify_release_workflow_dispatch_fails_gh_preflight_or_auth" time="0.094" /><testcase classname="tests.test_verify_release_workflow_dispatch" name="test_verify_release_workflow_dispatch_surfaces_draft_validation_errors" time="0.063" /><testcase classname="tests.test_verify_release_workflow_dispatch" name="test_verify_release_workflow_dispatch_surfaces_required_version_input_error" time="0.062" /><testcase classname="tests.test_xlsx_compare" name="test_compare_workbooks_reports_sheet_coordinate_property_expected_and_actual[value-&lt;lambda&gt;]" time="0.034" /><testcase classname="tests.test_xlsx_compare" name="test_compare_workbooks_reports_sheet_coordinate_property_expected_and_actual[number_format-&lt;lambda&gt;]" time="0.037" /><testcase classname="tests.test_xlsx_compare" name="test_compare_workbooks_reports_sheet_coordinate_property_expected_and_actual[font-&lt;lambda&gt;]" time="0.035" /><testcase classname="tests.test_xlsx_compare" name="test_compare_workbooks_reports_sheet_coordinate_property_expected_and_actual[fill-&lt;lambda&gt;]" time="0.037" /><testcase classname="tests.test_xlsx_compare" name="test_compare_workbooks_reports_sheet_coordinate_property_expected_and_actual[alignment-&lt;lambda&gt;]" time="0.036" /><testcase classname="tests.test_xlsx_compare" name="test_compare_workbooks_reports_sheet_coordinate_property_expected_and_actual[border-&lt;lambda&gt;]" time="0.039" /><testcase classname="tests.unit.test_refresh_ppt_links_errors" name="test_refresh_ppt_links_surfaces_com_failures_with_context" time="0.004" /><testcase classname="tests.unit.test_runtime_paths" name="test_resolve_runtime_path_keeps_relative_path_when_not_frozen" time="0.001" /><testcase classname="tests.unit.test_runtime_paths" name="test_resolve_runtime_path_prefers_bundle_root_env" time="0.002" /><testcase classname="tests.unit.test_runtime_paths" name="test_resolve_runtime_path_falls_back_to_executable_dir" time="0.002" /><testcase classname="tests.unit.test_runtime_paths" name="test_resolve_runtime_path_raises_for_missing_asset_and_lists_searched_locations" time="0.002" /><testcase classname="tests.unit.test_runtime_paths" name="test_resolve_runtime_path_surfaces_meipass_misconfiguration" time="0.002" /><testcase classname="tests.unit.test_runtime_paths" name="test_resolve_runtime_path_raises_when_frozen_has_no_bundle_roots" time="0.001" /><testcase classname="tests.unit.test_template_bundling_duplicates" name="test_copy_templates_raises_with_all_duplicate_filenames_and_source_paths" time="0.002" /><testcase classname="tests.writers.test_mosers_workbook" name="test_generate_mosers_workbook_creates_new_file_with_required_sheets" time="31.246" /><testcase classname="tests.writers.test_mosers_workbook" name="test_generate_mosers_workbook_output_is_parseable_by_existing_milestone_one_parsers" time="31.367" /><testcase classname="tests.writers.test_mosers_workbook" name="test_generate_variant_mosers_workbook_outputs_are_parseable_by_milestone_one_parsers[generate_mosers_workbook_ex_trend-NISA Monthly Ex Trend - Raw.xlsx-MOSERS Generated - Ex Trend.xlsx-True-True]" time="31.205" /><testcase classname="tests.writers.test_mosers_workbook" name="test_generate_variant_mosers_workbook_outputs_are_parseable_by_milestone_one_parsers[generate_mosers_workbook_trend-NISA Monthly Trend - Raw.xlsx-MOSERS Generated - Trend.xlsx-False-False]" time="30.618" /><testcase classname="tests.writers.test_pptx_screenshots" name="test_replace_screenshot_pictures_replaces_without_appending" time="0.100" /><testcase classname="tests.writers.test_pptx_screenshots" name="test_replace_screenshot_pictures_raises_when_section_not_found" time="0.053" /></testsuite></testsuites>